util.go:27: server:0 成功恢复状态
util.go:27: server:1 成功恢复状态
util.go:27: server:2 成功恢复状态
util.go:27: server:2, term:0, start vote
util.go:27: 持久化状态成功
util.go:27: server:1 接收到server:2发送的投票RPC
util.go:27: server:1 投票给了:2
util.go:27: 持久化状态成功
util.go:27: server:2, term:1, commitIndex:0 发送投票RPC
util.go:27: server:2 获取到server:1的选票
util.go:27: server:2 <- 胜选 ->，任期为: 1
util.go:27: server:2 log:[{0 0 <nil>}]
util.go:27: 持久化状态成功
util.go:27: leader:2 发送心跳包到follower:0
util.go:27: leader:2 发送心跳包到follower:1
util.go:27: server:0 接收到server:2发送的投票RPC
util.go:27: server:0 投票给了:2
util.go:27: 持久化状态成功
util.go:27: server:2, term:1, commitIndex:0 发送投票RPC
util.go:27: server:2 获取到server:0的选票
util.go:27: follower:1 收到 2 的心跳, 本节点任期: 1, leader任期: 1
util.go:27: follower:0 收到 2 的心跳, 本节点任期: 1, leader任期: 1
util.go:27: 持久化状态成功
util.go:27: 持久化状态成功
util.go:27: server:0 Reset:3
util.go:27: leader:2 收到新日志:1 追加请求
util.go:27: leader:2 日志:[{0 0 <nil>} {1 1 4584096304025187840}]
util.go:27: leader将返回该日志期望的提交位置:1，当前任期:1，和自己是leader:true
util.go:27: 持久化状态成功
util.go:27: server:1 Reset:3
util.go:27: Leader:2 发现server:0, 日志落后，现在可能需要日志:1, 本身日志数量2
util.go:27: Leader:2 发现server:1, 日志落后，现在可能需要日志:1, 本身日志数量2
util.go:27: follower:0 收到日志，序号: {1 1 4584096304025187840}，日志: [{0 0 <nil>} {1 1 4584096304025187840}]
util.go:27: 持久化状态成功
util.go:27: leader:2 更新被提交的最高日志条目的索引为:1
util.go:27: leader:2 日志:[{0 0 <nil>} {1 1 4584096304025187840}]
util.go:27: follower:1 收到日志，序号: {1 1 4584096304025187840}，日志: [{0 0 <nil>} {1 1 4584096304025187840}]
util.go:27: 持久化状态成功
util.go:27: leader:2 发送心跳包到follower:0
util.go:27: leader:2 发送心跳包到follower:1
util.go:27: follower:1 收到 2 的心跳, 本节点任期: 1, leader任期: 1
util.go:27: 持久化状态成功
util.go:27: follower:1 更新最新的提交日志索引: 1
util.go:27: follower:0 收到 2 的心跳, 本节点任期: 1, leader任期: 1
util.go:27: 持久化状态成功
util.go:27: follower:0 更新最新的提交日志索引: 1
util.go:27: follower:0 日志: [{0 0 <nil>} {1 1 4584096304025187840}]
util.go:27: follower:1 日志: [{0 0 <nil>} {1 1 4584096304025187840}]
util.go:27: leader:2 发送心跳包到follower:0
util.go:27: leader:2 发送心跳包到follower:1
util.go:27: follower:1 收到 2 的心跳, 本节点任期: 1, leader任期: 1
util.go:27: 持久化状态成功
util.go:27: follower:0 收到 2 的心跳, 本节点任期: 1, leader任期: 1
util.go:27: 持久化状态成功
util.go:27: server:1 Reset:6
util.go:27: leader:2 发送心跳包到follower:0
util.go:27: leader:2 发送心跳包到follower:1
util.go:27: follower:0 收到 2 的心跳, 本节点任期: 1, leader任期: 1
util.go:27: follower:1 收到 2 的心跳, 本节点任期: 1, leader任期: 1
util.go:27: 持久化状态成功
util.go:27: 持久化状态成功
util.go:27: server:0 Reset:8
util.go:27: leader:2 发送心跳包到follower:0
util.go:27: leader:2 发送心跳包到follower:1
util.go:27: follower:0 收到 2 的心跳, 本节点任期: 1, leader任期: 1
util.go:27: follower:1 收到 2 的心跳, 本节点任期: 1, leader任期: 1
util.go:27: 持久化状态成功
util.go:27: 持久化状态成功
util.go:27: leader:2 发送心跳包到follower:0
util.go:27: leader:2 发送心跳包到follower:1
util.go:27: follower:1 收到 2 的心跳, 本节点任期: 1, leader任期: 1
util.go:27: 持久化状态成功
util.go:27: follower:0 收到 2 的心跳, 本节点任期: 1, leader任期: 1
util.go:27: 持久化状态成功
util.go:27: leader:2 收到新日志:2 追加请求
util.go:27: leader:2 日志:[{0 0 <nil>} {1 1 4584096304025187840} {2 1 5801483256211150679}]
util.go:27: leader将返回该日志期望的提交位置:2，当前任期:1，和自己是leader:true
util.go:27: 持久化状态成功
util.go:27: Leader:2 发现server:0, 日志落后，现在可能需要日志:2, 本身日志数量3
util.go:27: Leader:2 发现server:1, 日志落后，现在可能需要日志:2, 本身日志数量3
util.go:27: follower:1 收到日志，序号: {2 1 5801483256211150679}，日志: [{0 0 <nil>} {1 1 4584096304025187840} {2 1 5801483256211150679}]
util.go:27: 持久化状态成功
util.go:27: leader:2 更新被提交的最高日志条目的索引为:2
util.go:27: leader:2 日志:[{0 0 <nil>} {1 1 4584096304025187840} {2 1 5801483256211150679}]
util.go:27: server:1 Reset:8
util.go:27: Leader:2 发现server:0, 日志落后，现在可能需要日志:2, 本身日志数量3
util.go:27: leader:2 发送心跳包到follower:1
util.go:27: follower:1 收到 2 的心跳, 本节点任期: 1, leader任期: 1
util.go:27: 持久化状态成功
util.go:27: follower:1 更新最新的提交日志索引: 2
util.go:27: follower:1 日志: [{0 0 <nil>} {1 1 4584096304025187840} {2 1 5801483256211150679}]
util.go:27: leader:2 收到新日志:3 追加请求
util.go:27: leader:2 日志:[{0 0 <nil>} {1 1 4584096304025187840} {2 1 5801483256211150679} {3 1 1891397634174317399}]
util.go:27: leader将返回该日志期望的提交位置:3，当前任期:1，和自己是leader:true
util.go:27: 持久化状态成功
util.go:27: leader:2 收到新日志:4 追加请求
util.go:27: leader:2 日志:[{0 0 <nil>} {1 1 4584096304025187840} {2 1 5801483256211150679} {3 1 1891397634174317399} {4 1 2696501571364889713}]
util.go:27: leader将返回该日志期望的提交位置:4，当前任期:1，和自己是leader:true
util.go:27: 持久化状态成功
util.go:27: leader:2 收到新日志:5 追加请求
util.go:27: leader:2 日志:[{0 0 <nil>} {1 1 4584096304025187840} {2 1 5801483256211150679} {3 1 1891397634174317399} {4 1 2696501571364889713} {5 1 2545186390804688392}]
util.go:27: leader将返回该日志期望的提交位置:5，当前任期:1，和自己是leader:true
util.go:27: 持久化状态成功
util.go:27: leader:2 收到新日志:6 追加请求
util.go:27: leader:2 日志:[{0 0 <nil>} {1 1 4584096304025187840} {2 1 5801483256211150679} {3 1 1891397634174317399} {4 1 2696501571364889713} {5 1 2545186390804688392} {6 1 5619791574756128523}]
util.go:27: leader将返回该日志期望的提交位置:6，当前任期:1，和自己是leader:true
util.go:27: 持久化状态成功
util.go:27: leader:2 收到新日志:7 追加请求
util.go:27: leader:2 日志:[{0 0 <nil>} {1 1 4584096304025187840} {2 1 5801483256211150679} {3 1 1891397634174317399} {4 1 2696501571364889713} {5 1 2545186390804688392} {6 1 5619791574756128523} {7 1 1673751765945753819}]
util.go:27: leader将返回该日志期望的提交位置:7，当前任期:1，和自己是leader:true
util.go:27: 持久化状态成功
util.go:27: leader:2 收到新日志:8 追加请求
util.go:27: leader:2 日志:[{0 0 <nil>} {1 1 4584096304025187840} {2 1 5801483256211150679} {3 1 1891397634174317399} {4 1 2696501571364889713} {5 1 2545186390804688392} {6 1 5619791574756128523} {7 1 1673751765945753819} {8 1 5250423885996189992}]
util.go:27: leader将返回该日志期望的提交位置:8，当前任期:1，和自己是leader:true
util.go:27: 持久化状态成功
util.go:27: leader:2 收到新日志:9 追加请求
util.go:27: leader:2 日志:[{0 0 <nil>} {1 1 4584096304025187840} {2 1 5801483256211150679} {3 1 1891397634174317399} {4 1 2696501571364889713} {5 1 2545186390804688392} {6 1 5619791574756128523} {7 1 1673751765945753819} {8 1 5250423885996189992} {9 1 7046734408894392781}]
util.go:27: leader将返回该日志期望的提交位置:9，当前任期:1，和自己是leader:true
util.go:27: 持久化状态成功
util.go:27: leader:2 收到新日志:10 追加请求
util.go:27: leader:2 日志:[{0 0 <nil>} {1 1 4584096304025187840} {2 1 5801483256211150679} {3 1 1891397634174317399} {4 1 2696501571364889713} {5 1 2545186390804688392} {6 1 5619791574756128523} {7 1 1673751765945753819} {8 1 5250423885996189992} {9 1 7046734408894392781} {10 1 7287988973505836978}]
util.go:27: leader将返回该日志期望的提交位置:10，当前任期:1，和自己是leader:true
util.go:27: 持久化状态成功
util.go:27: leader:2 收到新日志:11 追加请求
util.go:27: leader:2 日志:[{0 0 <nil>} {1 1 4584096304025187840} {2 1 5801483256211150679} {3 1 1891397634174317399} {4 1 2696501571364889713} {5 1 2545186390804688392} {6 1 5619791574756128523} {7 1 1673751765945753819} {8 1 5250423885996189992} {9 1 7046734408894392781} {10 1 7287988973505836978} {11 1 422459280647826193}]
util.go:27: leader将返回该日志期望的提交位置:11，当前任期:1，和自己是leader:true
util.go:27: 持久化状态成功
util.go:27: leader:2 收到新日志:12 追加请求
util.go:27: leader:2 日志:[{0 0 <nil>} {1 1 4584096304025187840} {2 1 5801483256211150679} {3 1 1891397634174317399} {4 1 2696501571364889713} {5 1 2545186390804688392} {6 1 5619791574756128523} {7 1 1673751765945753819} {8 1 5250423885996189992} {9 1 7046734408894392781} {10 1 7287988973505836978} {11 1 422459280647826193} {12 1 3828568143772862531}]
util.go:27: leader将返回该日志期望的提交位置:12，当前任期:1，和自己是leader:true
util.go:27: 持久化状态成功
util.go:27: leader:2 收到新日志:13 追加请求
util.go:27: leader:2 日志:[{0 0 <nil>} {1 1 4584096304025187840} {2 1 5801483256211150679} {3 1 1891397634174317399} {4 1 2696501571364889713} {5 1 2545186390804688392} {6 1 5619791574756128523} {7 1 1673751765945753819} {8 1 5250423885996189992} {9 1 7046734408894392781} {10 1 7287988973505836978} {11 1 422459280647826193} {12 1 3828568143772862531} {13 1 4668402775085499344}]
util.go:27: leader将返回该日志期望的提交位置:13，当前任期:1，和自己是leader:true
util.go:27: 持久化状态成功
util.go:27: leader:2 收到新日志:14 追加请求
util.go:27: leader:2 日志:[{0 0 <nil>} {1 1 4584096304025187840} {2 1 5801483256211150679} {3 1 1891397634174317399} {4 1 2696501571364889713} {5 1 2545186390804688392} {6 1 5619791574756128523} {7 1 1673751765945753819} {8 1 5250423885996189992} {9 1 7046734408894392781} {10 1 7287988973505836978} {11 1 422459280647826193} {12 1 3828568143772862531} {13 1 4668402775085499344} {14 1 846487871444619371}]
util.go:27: leader将返回该日志期望的提交位置:14，当前任期:1，和自己是leader:true
util.go:27: 持久化状态成功
util.go:27: leader:2 收到新日志:15 追加请求
util.go:27: leader:2 日志:[{0 0 <nil>} {1 1 4584096304025187840} {2 1 5801483256211150679} {3 1 1891397634174317399} {4 1 2696501571364889713} {5 1 2545186390804688392} {6 1 5619791574756128523} {7 1 1673751765945753819} {8 1 5250423885996189992} {9 1 7046734408894392781} {10 1 7287988973505836978} {11 1 422459280647826193} {12 1 3828568143772862531} {13 1 4668402775085499344} {14 1 846487871444619371} {15 1 7522443043477637268}]
util.go:27: leader将返回该日志期望的提交位置:15，当前任期:1，和自己是leader:true
util.go:27: 持久化状态成功
util.go:27: leader:2 收到新日志:16 追加请求
util.go:27: leader:2 日志:[{0 0 <nil>} {1 1 4584096304025187840} {2 1 5801483256211150679} {3 1 1891397634174317399} {4 1 2696501571364889713} {5 1 2545186390804688392} {6 1 5619791574756128523} {7 1 1673751765945753819} {8 1 5250423885996189992} {9 1 7046734408894392781} {10 1 7287988973505836978} {11 1 422459280647826193} {12 1 3828568143772862531} {13 1 4668402775085499344} {14 1 846487871444619371} {15 1 7522443043477637268} {16 1 742132387722000027}]
util.go:27: leader将返回该日志期望的提交位置:16，当前任期:1，和自己是leader:true
util.go:27: 持久化状态成功
util.go:27: leader:2 收到新日志:17 追加请求
util.go:27: leader:2 日志:[{0 0 <nil>} {1 1 4584096304025187840} {2 1 5801483256211150679} {3 1 1891397634174317399} {4 1 2696501571364889713} {5 1 2545186390804688392} {6 1 5619791574756128523} {7 1 1673751765945753819} {8 1 5250423885996189992} {9 1 7046734408894392781} {10 1 7287988973505836978} {11 1 422459280647826193} {12 1 3828568143772862531} {13 1 4668402775085499344} {14 1 846487871444619371} {15 1 7522443043477637268} {16 1 742132387722000027} {17 1 6076915199986202229}]
util.go:27: leader将返回该日志期望的提交位置:17，当前任期:1，和自己是leader:true
util.go:27: 持久化状态成功
util.go:27: server:0 Reset:4
util.go:27: Leader:2 发现server:0, 日志落后，现在可能需要日志:2, 本身日志数量18
util.go:27: Leader:2 发现server:1, 日志落后，现在可能需要日志:3, 本身日志数量18
util.go:27: follower:1 收到日志，序号: {17 1 6076915199986202229}，日志: [{0 0 <nil>} {1 1 4584096304025187840} {2 1 5801483256211150679} {3 1 1891397634174317399} {4 1 2696501571364889713} {5 1 2545186390804688392} {6 1 5619791574756128523} {7 1 1673751765945753819} {8 1 5250423885996189992} {9 1 7046734408894392781} {10 1 7287988973505836978} {11 1 422459280647826193} {12 1 3828568143772862531} {13 1 4668402775085499344} {14 1 846487871444619371} {15 1 7522443043477637268} {16 1 742132387722000027} {17 1 6076915199986202229}]
util.go:27: 持久化状态成功
util.go:27: leader:2 更新被提交的最高日志条目的索引为:3
util.go:27: leader:2 日志:[{0 0 <nil>} {1 1 4584096304025187840} {2 1 5801483256211150679} {3 1 1891397634174317399} {4 1 2696501571364889713} {5 1 2545186390804688392} {6 1 5619791574756128523} {7 1 1673751765945753819} {8 1 5250423885996189992} {9 1 7046734408894392781} {10 1 7287988973505836978} {11 1 422459280647826193} {12 1 3828568143772862531} {13 1 4668402775085499344} {14 1 846487871444619371} {15 1 7522443043477637268} {16 1 742132387722000027} {17 1 6076915199986202229}]
util.go:27: leader:2 更新被提交的最高日志条目的索引为:4
util.go:27: leader:2 日志:[{0 0 <nil>} {1 1 4584096304025187840} {2 1 5801483256211150679} {3 1 1891397634174317399} {4 1 2696501571364889713} {5 1 2545186390804688392} {6 1 5619791574756128523} {7 1 1673751765945753819} {8 1 5250423885996189992} {9 1 7046734408894392781} {10 1 7287988973505836978} {11 1 422459280647826193} {12 1 3828568143772862531} {13 1 4668402775085499344} {14 1 846487871444619371} {15 1 7522443043477637268} {16 1 742132387722000027} {17 1 6076915199986202229}]
util.go:27: leader:2 更新被提交的最高日志条目的索引为:5
util.go:27: leader:2 日志:[{0 0 <nil>} {1 1 4584096304025187840} {2 1 5801483256211150679} {3 1 1891397634174317399} {4 1 2696501571364889713} {5 1 2545186390804688392} {6 1 5619791574756128523} {7 1 1673751765945753819} {8 1 5250423885996189992} {9 1 7046734408894392781} {10 1 7287988973505836978} {11 1 422459280647826193} {12 1 3828568143772862531} {13 1 4668402775085499344} {14 1 846487871444619371} {15 1 7522443043477637268} {16 1 742132387722000027} {17 1 6076915199986202229}]
util.go:27: leader:2 更新被提交的最高日志条目的索引为:6
util.go:27: leader:2 日志:[{0 0 <nil>} {1 1 4584096304025187840} {2 1 5801483256211150679} {3 1 1891397634174317399} {4 1 2696501571364889713} {5 1 2545186390804688392} {6 1 5619791574756128523} {7 1 1673751765945753819} {8 1 5250423885996189992} {9 1 7046734408894392781} {10 1 7287988973505836978} {11 1 422459280647826193} {12 1 3828568143772862531} {13 1 4668402775085499344} {14 1 846487871444619371} {15 1 7522443043477637268} {16 1 742132387722000027} {17 1 6076915199986202229}]
util.go:27: leader:2 更新被提交的最高日志条目的索引为:7
util.go:27: leader:2 日志:[{0 0 <nil>} {1 1 4584096304025187840} {2 1 5801483256211150679} {3 1 1891397634174317399} {4 1 2696501571364889713} {5 1 2545186390804688392} {6 1 5619791574756128523} {7 1 1673751765945753819} {8 1 5250423885996189992} {9 1 7046734408894392781} {10 1 7287988973505836978} {11 1 422459280647826193} {12 1 3828568143772862531} {13 1 4668402775085499344} {14 1 846487871444619371} {15 1 7522443043477637268} {16 1 742132387722000027} {17 1 6076915199986202229}]
util.go:27: leader:2 更新被提交的最高日志条目的索引为:8
util.go:27: leader:2 日志:[{0 0 <nil>} {1 1 4584096304025187840} {2 1 5801483256211150679} {3 1 1891397634174317399} {4 1 2696501571364889713} {5 1 2545186390804688392} {6 1 5619791574756128523} {7 1 1673751765945753819} {8 1 5250423885996189992} {9 1 7046734408894392781} {10 1 7287988973505836978} {11 1 422459280647826193} {12 1 3828568143772862531} {13 1 4668402775085499344} {14 1 846487871444619371} {15 1 7522443043477637268} {16 1 742132387722000027} {17 1 6076915199986202229}]
util.go:27: leader:2 更新被提交的最高日志条目的索引为:9
util.go:27: leader:2 日志:[{0 0 <nil>} {1 1 4584096304025187840} {2 1 5801483256211150679} {3 1 1891397634174317399} {4 1 2696501571364889713} {5 1 2545186390804688392} {6 1 5619791574756128523} {7 1 1673751765945753819} {8 1 5250423885996189992} {9 1 7046734408894392781} {10 1 7287988973505836978} {11 1 422459280647826193} {12 1 3828568143772862531} {13 1 4668402775085499344} {14 1 846487871444619371} {15 1 7522443043477637268} {16 1 742132387722000027} {17 1 6076915199986202229}]
util.go:27: leader:2 更新被提交的最高日志条目的索引为:10
util.go:27: leader:2 日志:[{0 0 <nil>} {1 1 4584096304025187840} {2 1 5801483256211150679} {3 1 1891397634174317399} {4 1 2696501571364889713} {5 1 2545186390804688392} {6 1 5619791574756128523} {7 1 1673751765945753819} {8 1 5250423885996189992} {9 1 7046734408894392781} {10 1 7287988973505836978} {11 1 422459280647826193} {12 1 3828568143772862531} {13 1 4668402775085499344} {14 1 846487871444619371} {15 1 7522443043477637268} {16 1 742132387722000027} {17 1 6076915199986202229}]
util.go:27: leader:2 更新被提交的最高日志条目的索引为:11
util.go:27: leader:2 日志:[{0 0 <nil>} {1 1 4584096304025187840} {2 1 5801483256211150679} {3 1 1891397634174317399} {4 1 2696501571364889713} {5 1 2545186390804688392} {6 1 5619791574756128523} {7 1 1673751765945753819} {8 1 5250423885996189992} {9 1 7046734408894392781} {10 1 7287988973505836978} {11 1 422459280647826193} {12 1 3828568143772862531} {13 1 4668402775085499344} {14 1 846487871444619371} {15 1 7522443043477637268} {16 1 742132387722000027} {17 1 6076915199986202229}]
util.go:27: leader:2 更新被提交的最高日志条目的索引为:12
util.go:27: leader:2 日志:[{0 0 <nil>} {1 1 4584096304025187840} {2 1 5801483256211150679} {3 1 1891397634174317399} {4 1 2696501571364889713} {5 1 2545186390804688392} {6 1 5619791574756128523} {7 1 1673751765945753819} {8 1 5250423885996189992} {9 1 7046734408894392781} {10 1 7287988973505836978} {11 1 422459280647826193} {12 1 3828568143772862531} {13 1 4668402775085499344} {14 1 846487871444619371} {15 1 7522443043477637268} {16 1 742132387722000027} {17 1 6076915199986202229}]
util.go:27: leader:2 更新被提交的最高日志条目的索引为:13
util.go:27: leader:2 日志:[{0 0 <nil>} {1 1 4584096304025187840} {2 1 5801483256211150679} {3 1 1891397634174317399} {4 1 2696501571364889713} {5 1 2545186390804688392} {6 1 5619791574756128523} {7 1 1673751765945753819} {8 1 5250423885996189992} {9 1 7046734408894392781} {10 1 7287988973505836978} {11 1 422459280647826193} {12 1 3828568143772862531} {13 1 4668402775085499344} {14 1 846487871444619371} {15 1 7522443043477637268} {16 1 742132387722000027} {17 1 6076915199986202229}]
util.go:27: leader:2 更新被提交的最高日志条目的索引为:14
util.go:27: leader:2 日志:[{0 0 <nil>} {1 1 4584096304025187840} {2 1 5801483256211150679} {3 1 1891397634174317399} {4 1 2696501571364889713} {5 1 2545186390804688392} {6 1 5619791574756128523} {7 1 1673751765945753819} {8 1 5250423885996189992} {9 1 7046734408894392781} {10 1 7287988973505836978} {11 1 422459280647826193} {12 1 3828568143772862531} {13 1 4668402775085499344} {14 1 846487871444619371} {15 1 7522443043477637268} {16 1 742132387722000027} {17 1 6076915199986202229}]
util.go:27: leader:2 更新被提交的最高日志条目的索引为:15
util.go:27: leader:2 日志:[{0 0 <nil>} {1 1 4584096304025187840} {2 1 5801483256211150679} {3 1 1891397634174317399} {4 1 2696501571364889713} {5 1 2545186390804688392} {6 1 5619791574756128523} {7 1 1673751765945753819} {8 1 5250423885996189992} {9 1 7046734408894392781} {10 1 7287988973505836978} {11 1 422459280647826193} {12 1 3828568143772862531} {13 1 4668402775085499344} {14 1 846487871444619371} {15 1 7522443043477637268} {16 1 742132387722000027} {17 1 6076915199986202229}]
util.go:27: leader:2 更新被提交的最高日志条目的索引为:16
util.go:27: leader:2 日志:[{0 0 <nil>} {1 1 4584096304025187840} {2 1 5801483256211150679} {3 1 1891397634174317399} {4 1 2696501571364889713} {5 1 2545186390804688392} {6 1 5619791574756128523} {7 1 1673751765945753819} {8 1 5250423885996189992} {9 1 7046734408894392781} {10 1 7287988973505836978} {11 1 422459280647826193} {12 1 3828568143772862531} {13 1 4668402775085499344} {14 1 846487871444619371} {15 1 7522443043477637268} {16 1 742132387722000027} {17 1 6076915199986202229}]
util.go:27: leader:2 更新被提交的最高日志条目的索引为:17
util.go:27: leader:2 日志:[{0 0 <nil>} {1 1 4584096304025187840} {2 1 5801483256211150679} {3 1 1891397634174317399} {4 1 2696501571364889713} {5 1 2545186390804688392} {6 1 5619791574756128523} {7 1 1673751765945753819} {8 1 5250423885996189992} {9 1 7046734408894392781} {10 1 7287988973505836978} {11 1 422459280647826193} {12 1 3828568143772862531} {13 1 4668402775085499344} {14 1 846487871444619371} {15 1 7522443043477637268} {16 1 742132387722000027} {17 1 6076915199986202229}]
util.go:27: server:2 压缩日志，从index:9 开始, log:[{10 1 7287988973505836978} {11 1 422459280647826193} {12 1 3828568143772862531} {13 1 4668402775085499344} {14 1 846487871444619371} {15 1 7522443043477637268} {16 1 742132387722000027} {17 1 6076915199986202229}]
util.go:27: leader:2 follower0期望的日志的前一个日志:1已经被压缩了，直接发送快照
util.go:27: leader:2 发送心跳包到follower:1
util.go:27: follower:1 收到 2 的心跳, 本节点任期: 1, leader任期: 1
util.go:27: 持久化状态成功
util.go:27: follower:1 更新最新的提交日志索引: 17
util.go:27: follower:1 日志: [{0 0 <nil>} {1 1 4584096304025187840} {2 1 5801483256211150679} {3 1 1891397634174317399} {4 1 2696501571364889713} {5 1 2545186390804688392} {6 1 5619791574756128523} {7 1 1673751765945753819} {8 1 5250423885996189992} {9 1 7046734408894392781} {10 1 7287988973505836978} {11 1 422459280647826193} {12 1 3828568143772862531} {13 1 4668402775085499344} {14 1 846487871444619371} {15 1 7522443043477637268} {16 1 742132387722000027} {17 1 6076915199986202229}]
util.go:27: server:1 压缩日志，从index:9 开始, log:[{10 1 7287988973505836978} {11 1 422459280647826193} {12 1 3828568143772862531} {13 1 4668402775085499344} {14 1 846487871444619371} {15 1 7522443043477637268} {16 1 742132387722000027} {17 1 6076915199986202229}]
util.go:27: leader:2 收到新日志:18 追加请求
util.go:27: leader:2 日志:[{10 1 7287988973505836978} {11 1 422459280647826193} {12 1 3828568143772862531} {13 1 4668402775085499344} {14 1 846487871444619371} {15 1 7522443043477637268} {16 1 742132387722000027} {17 1 6076915199986202229} {18 1 5747518284599287018}]
util.go:27: leader将返回该日志期望的提交位置:18，当前任期:1，和自己是leader:true
util.go:27: 持久化状态成功
util.go:27: server:1 Reset:6
util.go:27: leader:2 follower0期望的日志的前一个日志:1已经被压缩了，直接发送快照
util.go:27: Leader:2 发现server:1, 日志落后，现在可能需要日志:18, 本身日志数量9
util.go:27: follower:1 收到日志，序号: {18 1 5747518284599287018}，日志: [{10 1 7287988973505836978} {11 1 422459280647826193} {12 1 3828568143772862531} {13 1 4668402775085499344} {14 1 846487871444619371} {15 1 7522443043477637268} {16 1 742132387722000027} {17 1 6076915199986202229} {18 1 5747518284599287018}]
util.go:27: 持久化状态成功
util.go:27: server:0 成功储存快照及状态
util.go:27: leader:2 更新被提交的最高日志条目的索引为:18
util.go:27: leader:2 日志:[{10 1 7287988973505836978} {11 1 422459280647826193} {12 1 3828568143772862531} {13 1 4668402775085499344} {14 1 846487871444619371} {15 1 7522443043477637268} {16 1 742132387722000027} {17 1 6076915199986202229} {18 1 5747518284599287018}]
util.go:27: leader:2 将server0的期望日志提升到：10
util.go:27: server:0 Reset:1
util.go:27: Leader:2 发现server:0, 日志落后，现在可能需要日志:10, 本身日志数量9
util.go:27: leader:2 发送心跳包到follower:1
util.go:27: follower:1 收到 2 的心跳, 本节点任期: 1, leader任期: 1
util.go:27: 持久化状态成功
util.go:27: follower:1 更新最新的提交日志索引: 18
util.go:27: follower:0 收到日志，序号: {18 1 5747518284599287018}，日志: [{10 1 7287988973505836978} {11 1 422459280647826193} {12 1 3828568143772862531} {13 1 4668402775085499344} {14 1 846487871444619371} {15 1 7522443043477637268} {16 1 742132387722000027} {17 1 6076915199986202229} {18 1 5747518284599287018}]
util.go:27: 持久化状态成功
util.go:27: follower:0 更新最新的提交日志索引: 18
util.go:27: follower:0 日志: [{10 1 7287988973505836978} {11 1 422459280647826193} {12 1 3828568143772862531} {13 1 4668402775085499344} {14 1 846487871444619371} {15 1 7522443043477637268} {16 1 742132387722000027} {17 1 6076915199986202229} {18 1 5747518284599287018}]
util.go:27: follower:1 日志: [{10 1 7287988973505836978} {11 1 422459280647826193} {12 1 3828568143772862531} {13 1 4668402775085499344} {14 1 846487871444619371} {15 1 7522443043477637268} {16 1 742132387722000027} {17 1 6076915199986202229} {18 1 5747518284599287018}]
util.go:27: leader:2 发送心跳包到follower:0
util.go:27: leader:2 发送心跳包到follower:1
util.go:27: follower:1 收到 2 的心跳, 本节点任期: 1, leader任期: 1
util.go:27: 持久化状态成功
util.go:27: follower:0 收到 2 的心跳, 本节点任期: 1, leader任期: 1
util.go:27: 持久化状态成功
util.go:27: server:1 Reset:6
util.go:27: leader:2 发送心跳包到follower:0
util.go:27: leader:2 发送心跳包到follower:1
util.go:27: follower:0 收到 2 的心跳, 本节点任期: 1, leader任期: 1
util.go:27: 持久化状态成功
util.go:27: follower:1 收到 2 的心跳, 本节点任期: 1, leader任期: 1
util.go:27: 持久化状态成功
util.go:27: server:0 Reset:6
util.go:27: leader:2 发送心跳包到follower:0
util.go:27: leader:2 发送心跳包到follower:1
util.go:27: follower:1 收到 2 的心跳, 本节点任期: 1, leader任期: 1
util.go:27: follower:0 收到 2 的心跳, 本节点任期: 1, leader任期: 1
util.go:27: 持久化状态成功
util.go:27: 持久化状态成功
util.go:27: leader:2 发送心跳包到follower:0
util.go:27: leader:2 发送心跳包到follower:1
util.go:27: follower:1 收到 2 的心跳, 本节点任期: 1, leader任期: 1
util.go:27: 持久化状态成功
util.go:27: follower:0 收到 2 的心跳, 本节点任期: 1, leader任期: 1
util.go:27: 持久化状态成功
util.go:27: leader:2 发送心跳包到follower:0
util.go:27: leader:2 发送心跳包到follower:1
util.go:27: server:1 Reset:6
util.go:27: leader:2 发送心跳包到follower:0
util.go:27: leader:2 发送心跳包到follower:1
util.go:27: server:0 Reset:4
util.go:27: leader:2 发送心跳包到follower:0
util.go:27: leader:2 发送心跳包到follower:1
util.go:27: leader:2 发送心跳包到follower:0
util.go:27: leader:2 发送心跳包到follower:1
util.go:27: leader:2 发送心跳包到follower:0
util.go:27: leader:2 发送心跳包到follower:1
util.go:27: server:1, term:1, start vote
util.go:27: 持久化状态成功
util.go:27: server:0 接收到server:1发送的投票RPC
util.go:27: server:0 投票给了:1
util.go:27: 持久化状态成功
util.go:27: server:1, term:2, commitIndex:18 发送投票RPC
util.go:27: server:1 获取到server:0的选票
util.go:27: server:1 <- 胜选 ->，任期为: 2
util.go:27: server:1 log:[{10 1 7287988973505836978} {11 1 422459280647826193} {12 1 3828568143772862531} {13 1 4668402775085499344} {14 1 846487871444619371} {15 1 7522443043477637268} {16 1 742132387722000027} {17 1 6076915199986202229} {18 1 5747518284599287018}]
util.go:27: 持久化状态成功
util.go:27: leader:1 发送心跳包到follower:0
util.go:27: leader:1 发送心跳包到follower:2
util.go:27: follower:0 收到 1 的心跳, 本节点任期: 2, leader任期: 2
util.go:27: 持久化状态成功
util.go:27: leader:1 收到新日志:19 追加请求
util.go:27: leader:1 日志:[{10 1 7287988973505836978} {11 1 422459280647826193} {12 1 3828568143772862531} {13 1 4668402775085499344} {14 1 846487871444619371} {15 1 7522443043477637268} {16 1 742132387722000027} {17 1 6076915199986202229} {18 1 5747518284599287018} {19 2 4863070791719095492}]
util.go:27: leader将返回该日志期望的提交位置:19，当前任期:2，和自己是leader:true
util.go:27: 持久化状态成功
util.go:27: leader:2 发送心跳包到follower:0
util.go:27: leader:2 发送心跳包到follower:1
util.go:27: server:0 Reset:3
util.go:27: Leader:1 发现server:0, 日志落后，现在可能需要日志:19, 本身日志数量10
util.go:27: Leader:1 发现server:2, 日志落后，现在可能需要日志:19, 本身日志数量10
util.go:27: follower:0 收到日志，序号: {19 2 4863070791719095492}，日志: [{10 1 7287988973505836978} {11 1 422459280647826193} {12 1 3828568143772862531} {13 1 4668402775085499344} {14 1 846487871444619371} {15 1 7522443043477637268} {16 1 742132387722000027} {17 1 6076915199986202229} {18 1 5747518284599287018} {19 2 4863070791719095492}]
util.go:27: 持久化状态成功
util.go:27: leader:1 更新被提交的最高日志条目的索引为:19
util.go:27: leader:1 日志:[{10 1 7287988973505836978} {11 1 422459280647826193} {12 1 3828568143772862531} {13 1 4668402775085499344} {14 1 846487871444619371} {15 1 7522443043477637268} {16 1 742132387722000027} {17 1 6076915199986202229} {18 1 5747518284599287018} {19 2 4863070791719095492}]
util.go:27: server:1 压缩日志，从index:19 开始, log:[]
util.go:27: leader:2 发送心跳包到follower:0
util.go:27: leader:2 发送心跳包到follower:1
util.go:27: leader:1 发送心跳包到follower:0
util.go:27: leader:1 follower2期望的日志的前一个日志:18已经被压缩了，直接发送快照
util.go:27: follower:0 收到 1 的心跳, 本节点任期: 2, leader任期: 2
util.go:27: 持久化状态成功
util.go:27: follower:0 更新最新的提交日志索引: 19
util.go:27: follower:0 日志: [{10 1 7287988973505836978} {11 1 422459280647826193} {12 1 3828568143772862531} {13 1 4668402775085499344} {14 1 846487871444619371} {15 1 7522443043477637268} {16 1 742132387722000027} {17 1 6076915199986202229} {18 1 5747518284599287018} {19 2 4863070791719095492}]
util.go:27: server:0 压缩日志，从index:19 开始, log:[]
util.go:27: leader:1 收到新日志:20 追加请求
util.go:27: leader:1 日志:[{20 2 952028784569706075}]
util.go:27: leader将返回该日志期望的提交位置:20，当前任期:2，和自己是leader:true
util.go:27: 持久化状态成功
util.go:27: leader:2 发送心跳包到follower:0
util.go:27: leader:2 发送心跳包到follower:1
util.go:27: Leader:1 发现server:0, 日志落后，现在可能需要日志:20, 本身日志数量1
util.go:27: leader:1 follower2期望的日志的前一个日志:18已经被压缩了，直接发送快照
util.go:27: follower:0 收到日志，序号: {20 2 952028784569706075}，日志: [{20 2 952028784569706075}]
util.go:27: 持久化状态成功
util.go:27: leader:1 更新被提交的最高日志条目的索引为:20
util.go:27: leader:1 日志:[{20 2 952028784569706075}]
util.go:27: leader:2 发送心跳包到follower:0
util.go:27: leader:2 发送心跳包到follower:1
util.go:27: leader:1 发送心跳包到follower:0
util.go:27: leader:1 follower2期望的日志的前一个日志:18已经被压缩了，直接发送快照
util.go:27: follower:0 收到 1 的心跳, 本节点任期: 2, leader任期: 2
util.go:27: 持久化状态成功
util.go:27: follower:0 更新最新的提交日志索引: 20
util.go:27: follower:0 日志: [{20 2 952028784569706075}]
util.go:27: server:0 Reset:8
util.go:27: leader:1 收到新日志:21 追加请求
util.go:27: leader:1 日志:[{20 2 952028784569706075} {21 2 8759512037083507501}]
util.go:27: leader将返回该日志期望的提交位置:21，当前任期:2，和自己是leader:true
util.go:27: 持久化状态成功
util.go:27: leader:2 发送心跳包到follower:0
util.go:27: leader:2 发送心跳包到follower:1
util.go:27: server:0 接收到追加日志RPC的任期为:1, 小于自身当前任期:2，将无视该RPC
util.go:27: server:1 接收到追加日志RPC的任期为:1, 小于自身当前任期:2，将无视该RPC
util.go:27: old leader:2 发现自己任期小于follower:0 故变回follower
 
util.go:27: 持久化状态成功
util.go:27: leader:2 停止发送心跳包
util.go:27: Leader:1 发现server:0, 日志落后，现在可能需要日志:21, 本身日志数量2
util.go:27: leader:1 follower2期望的日志的前一个日志:18已经被压缩了，直接发送快照
util.go:27: server:2 成功储存快照及状态
util.go:27: leader:1 将server2的期望日志提升到：20
util.go:27: follower:0 收到日志，序号: {21 2 8759512037083507501}，日志: [{20 2 952028784569706075} {21 2 8759512037083507501}]
util.go:27: 持久化状态成功
util.go:27: leader:1 更新被提交的最高日志条目的索引为:21
util.go:27: leader:1 日志:[{20 2 952028784569706075} {21 2 8759512037083507501}]
util.go:27: leader:1 发送心跳包到follower:0
util.go:27: Leader:1 发现server:2, 日志落后，现在可能需要日志:20, 本身日志数量2
util.go:27: follower:2 收到日志，序号: {21 2 8759512037083507501}，日志: [{20 2 952028784569706075} {21 2 8759512037083507501}]
util.go:27: 持久化状态成功
util.go:27: follower:2 更新最新的提交日志索引: 21
util.go:27: follower:0 收到 1 的心跳, 本节点任期: 2, leader任期: 2
util.go:27: follower:2 日志: [{20 2 952028784569706075} {21 2 8759512037083507501}]
util.go:27: 持久化状态成功
util.go:27: follower:0 更新最新的提交日志索引: 21
util.go:27: follower:0 日志: [{20 2 952028784569706075} {21 2 8759512037083507501}]
util.go:27: server:2 Reset:4
util.go:27: leader:1 发送心跳包到follower:0
util.go:27: leader:1 发送心跳包到follower:2
util.go:27: follower:2 收到 1 的心跳, 本节点任期: 2, leader任期: 2
util.go:27: 持久化状态成功
util.go:27: follower:0 收到 1 的心跳, 本节点任期: 2, leader任期: 2
util.go:27: 持久化状态成功
util.go:27: server:1 Reset:1
util.go:27: server:0 Reset:7
util.go:27: leader:1 发送心跳包到follower:0
util.go:27: leader:1 发送心跳包到follower:2
util.go:27: follower:0 收到 1 的心跳, 本节点任期: 2, leader任期: 2
util.go:27: 持久化状态成功
util.go:27: follower:2 收到 1 的心跳, 本节点任期: 2, leader任期: 2
util.go:27: 持久化状态成功
util.go:27: leader:1 发送心跳包到follower:0
util.go:27: leader:1 发送心跳包到follower:2
util.go:27: follower:0 收到 1 的心跳, 本节点任期: 2, leader任期: 2
util.go:27: 持久化状态成功
util.go:27: follower:2 收到 1 的心跳, 本节点任期: 2, leader任期: 2
util.go:27: 持久化状态成功
util.go:27: server:2 Reset:6
util.go:27: leader:1 发送心跳包到follower:0
util.go:27: leader:1 发送心跳包到follower:2
util.go:27: follower:0 收到 1 的心跳, 本节点任期: 2, leader任期: 2
util.go:27: 持久化状态成功
util.go:27: follower:2 收到 1 的心跳, 本节点任期: 2, leader任期: 2
util.go:27: 持久化状态成功
util.go:27: leader:1 收到新日志:22 追加请求
util.go:27: leader:1 日志:[{20 2 952028784569706075} {21 2 8759512037083507501} {22 2 4672555928072585214}]
util.go:27: leader将返回该日志期望的提交位置:22，当前任期:2，和自己是leader:true
util.go:27: 持久化状态成功
util.go:27: Leader:1 发现server:0, 日志落后，现在可能需要日志:22, 本身日志数量3
util.go:27: Leader:1 发现server:2, 日志落后，现在可能需要日志:22, 本身日志数量3
util.go:27: follower:0 收到日志，序号: {22 2 4672555928072585214}，日志: [{20 2 952028784569706075} {21 2 8759512037083507501} {22 2 4672555928072585214}]
util.go:27: 持久化状态成功
util.go:27: leader:1 更新被提交的最高日志条目的索引为:22
util.go:27: leader:1 日志:[{20 2 952028784569706075} {21 2 8759512037083507501} {22 2 4672555928072585214}]
util.go:27: server:0 Reset:8
util.go:27: leader:1 发送心跳包到follower:0
util.go:27: Leader:1 发现server:2, 日志落后，现在可能需要日志:22, 本身日志数量3
util.go:27: follower:0 收到 1 的心跳, 本节点任期: 2, leader任期: 2
util.go:27: 持久化状态成功
util.go:27: follower:0 更新最新的提交日志索引: 22
util.go:27: follower:0 日志: [{20 2 952028784569706075} {21 2 8759512037083507501} {22 2 4672555928072585214}]
util.go:27: leader:1 收到新日志:23 追加请求
util.go:27: leader:1 日志:[{20 2 952028784569706075} {21 2 8759512037083507501} {22 2 4672555928072585214} {23 2 4796672018480394334}]
util.go:27: leader将返回该日志期望的提交位置:23，当前任期:2，和自己是leader:true
util.go:27: 持久化状态成功
util.go:27: leader:1 收到新日志:24 追加请求
util.go:27: leader:1 日志:[{20 2 952028784569706075} {21 2 8759512037083507501} {22 2 4672555928072585214} {23 2 4796672018480394334} {24 2 8399892289353683563}]
util.go:27: leader将返回该日志期望的提交位置:24，当前任期:2，和自己是leader:true
util.go:27: 持久化状态成功
util.go:27: leader:1 收到新日志:25 追加请求
util.go:27: leader:1 日志:[{20 2 952028784569706075} {21 2 8759512037083507501} {22 2 4672555928072585214} {23 2 4796672018480394334} {24 2 8399892289353683563} {25 2 7639703177924216007}]
util.go:27: leader将返回该日志期望的提交位置:25，当前任期:2，和自己是leader:true
util.go:27: 持久化状态成功
util.go:27: leader:1 收到新日志:26 追加请求
util.go:27: leader:1 日志:[{20 2 952028784569706075} {21 2 8759512037083507501} {22 2 4672555928072585214} {23 2 4796672018480394334} {24 2 8399892289353683563} {25 2 7639703177924216007} {26 2 6327162917409861871}]
util.go:27: leader将返回该日志期望的提交位置:26，当前任期:2，和自己是leader:true
util.go:27: 持久化状态成功
util.go:27: leader:1 收到新日志:27 追加请求
util.go:27: leader:1 日志:[{20 2 952028784569706075} {21 2 8759512037083507501} {22 2 4672555928072585214} {23 2 4796672018480394334} {24 2 8399892289353683563} {25 2 7639703177924216007} {26 2 6327162917409861871} {27 2 6282780806889966191}]
util.go:27: leader将返回该日志期望的提交位置:27，当前任期:2，和自己是leader:true
util.go:27: 持久化状态成功
util.go:27: leader:1 收到新日志:28 追加请求
util.go:27: leader:1 日志:[{20 2 952028784569706075} {21 2 8759512037083507501} {22 2 4672555928072585214} {23 2 4796672018480394334} {24 2 8399892289353683563} {25 2 7639703177924216007} {26 2 6327162917409861871} {27 2 6282780806889966191} {28 2 3813088162582958645}]
util.go:27: leader将返回该日志期望的提交位置:28，当前任期:2，和自己是leader:true
util.go:27: 持久化状态成功
util.go:27: leader:1 收到新日志:29 追加请求
util.go:27: leader:1 日志:[{20 2 952028784569706075} {21 2 8759512037083507501} {22 2 4672555928072585214} {23 2 4796672018480394334} {24 2 8399892289353683563} {25 2 7639703177924216007} {26 2 6327162917409861871} {27 2 6282780806889966191} {28 2 3813088162582958645} {29 2 8217512928789049285}]
util.go:27: leader将返回该日志期望的提交位置:29，当前任期:2，和自己是leader:true
util.go:27: 持久化状态成功
util.go:27: Leader:1 发现server:0, 日志落后，现在可能需要日志:23, 本身日志数量10
util.go:27: Leader:1 发现server:2, 日志落后，现在可能需要日志:22, 本身日志数量10
util.go:27: follower:0 收到日志，序号: {29 2 8217512928789049285}，日志: [{20 2 952028784569706075} {21 2 8759512037083507501} {22 2 4672555928072585214} {23 2 4796672018480394334} {24 2 8399892289353683563} {25 2 7639703177924216007} {26 2 6327162917409861871} {27 2 6282780806889966191} {28 2 3813088162582958645} {29 2 8217512928789049285}]
util.go:27: 持久化状态成功
util.go:27: leader:1 更新被提交的最高日志条目的索引为:23
util.go:27: leader:1 日志:[{20 2 952028784569706075} {21 2 8759512037083507501} {22 2 4672555928072585214} {23 2 4796672018480394334} {24 2 8399892289353683563} {25 2 7639703177924216007} {26 2 6327162917409861871} {27 2 6282780806889966191} {28 2 3813088162582958645} {29 2 8217512928789049285}]
util.go:27: leader:1 更新被提交的最高日志条目的索引为:24
util.go:27: leader:1 日志:[{20 2 952028784569706075} {21 2 8759512037083507501} {22 2 4672555928072585214} {23 2 4796672018480394334} {24 2 8399892289353683563} {25 2 7639703177924216007} {26 2 6327162917409861871} {27 2 6282780806889966191} {28 2 3813088162582958645} {29 2 8217512928789049285}]
util.go:27: leader:1 更新被提交的最高日志条目的索引为:25
util.go:27: leader:1 日志:[{20 2 952028784569706075} {21 2 8759512037083507501} {22 2 4672555928072585214} {23 2 4796672018480394334} {24 2 8399892289353683563} {25 2 7639703177924216007} {26 2 6327162917409861871} {27 2 6282780806889966191} {28 2 3813088162582958645} {29 2 8217512928789049285}]
util.go:27: leader:1 更新被提交的最高日志条目的索引为:26
util.go:27: leader:1 日志:[{20 2 952028784569706075} {21 2 8759512037083507501} {22 2 4672555928072585214} {23 2 4796672018480394334} {24 2 8399892289353683563} {25 2 7639703177924216007} {26 2 6327162917409861871} {27 2 6282780806889966191} {28 2 3813088162582958645} {29 2 8217512928789049285}]
util.go:27: leader:1 更新被提交的最高日志条目的索引为:27
util.go:27: leader:1 日志:[{20 2 952028784569706075} {21 2 8759512037083507501} {22 2 4672555928072585214} {23 2 4796672018480394334} {24 2 8399892289353683563} {25 2 7639703177924216007} {26 2 6327162917409861871} {27 2 6282780806889966191} {28 2 3813088162582958645} {29 2 8217512928789049285}]
util.go:27: leader:1 更新被提交的最高日志条目的索引为:28
util.go:27: leader:1 日志:[{20 2 952028784569706075} {21 2 8759512037083507501} {22 2 4672555928072585214} {23 2 4796672018480394334} {24 2 8399892289353683563} {25 2 7639703177924216007} {26 2 6327162917409861871} {27 2 6282780806889966191} {28 2 3813088162582958645} {29 2 8217512928789049285}]
util.go:27: leader:1 更新被提交的最高日志条目的索引为:29
util.go:27: leader:1 日志:[{20 2 952028784569706075} {21 2 8759512037083507501} {22 2 4672555928072585214} {23 2 4796672018480394334} {24 2 8399892289353683563} {25 2 7639703177924216007} {26 2 6327162917409861871} {27 2 6282780806889966191} {28 2 3813088162582958645} {29 2 8217512928789049285}]
util.go:27: server:1 压缩日志，从index:29 开始, log:[]
util.go:27: server:2 Reset:2
util.go:27: leader:1 发送心跳包到follower:0
util.go:27: leader:1 follower2期望的日志的前一个日志:21已经被压缩了，直接发送快照
util.go:27: follower:0 收到 1 的心跳, 本节点任期: 2, leader任期: 2
util.go:27: 持久化状态成功
util.go:27: follower:0 更新最新的提交日志索引: 29
util.go:27: follower:0 日志: [{20 2 952028784569706075} {21 2 8759512037083507501} {22 2 4672555928072585214} {23 2 4796672018480394334} {24 2 8399892289353683563} {25 2 7639703177924216007} {26 2 6327162917409861871} {27 2 6282780806889966191} {28 2 3813088162582958645} {29 2 8217512928789049285}]
util.go:27: server:0 压缩日志，从index:29 开始, log:[]
util.go:27: leader:1 收到新日志:30 追加请求
util.go:27: leader:1 日志:[{30 2 5907284830272785711}]
util.go:27: leader将返回该日志期望的提交位置:30，当前任期:2，和自己是leader:true
util.go:27: 持久化状态成功
util.go:27: Leader:1 发现server:0, 日志落后，现在可能需要日志:30, 本身日志数量1
util.go:27: leader:1 follower2期望的日志的前一个日志:21已经被压缩了，直接发送快照
util.go:27: server:2 成功储存快照及状态
util.go:27: leader:1 将server2的期望日志提升到：30
util.go:27: follower:0 收到日志，序号: {30 2 5907284830272785711}，日志: [{30 2 5907284830272785711}]
util.go:27: 持久化状态成功
util.go:27: leader:1 更新被提交的最高日志条目的索引为:30
util.go:27: leader:1 日志:[{30 2 5907284830272785711}]
util.go:27: server:0 Reset:8
util.go:27: leader:1 发送心跳包到follower:0
util.go:27: Leader:1 发现server:2, 日志落后，现在可能需要日志:30, 本身日志数量1
util.go:27: follower:0 收到 1 的心跳, 本节点任期: 2, leader任期: 2
util.go:27: 持久化状态成功
util.go:27: follower:0 更新最新的提交日志索引: 30
util.go:27: follower:0 日志: [{30 2 5907284830272785711}]
util.go:27: follower:2 收到日志，序号: {30 2 5907284830272785711}，日志: [{30 2 5907284830272785711}]
util.go:27: 持久化状态成功
util.go:27: follower:2 更新最新的提交日志索引: 30
util.go:27: follower:2 日志: [{30 2 5907284830272785711}]
util.go:27: leader:1 发送心跳包到follower:0
util.go:27: leader:1 发送心跳包到follower:2
util.go:27: follower:0 收到 1 的心跳, 本节点任期: 2, leader任期: 2
util.go:27: 持久化状态成功
util.go:27: follower:2 收到 1 的心跳, 本节点任期: 2, leader任期: 2
util.go:27: 持久化状态成功
util.go:27: server:2 Reset:5
util.go:27: leader:1 发送心跳包到follower:0
util.go:27: leader:1 发送心跳包到follower:2
util.go:27: follower:2 收到 1 的心跳, 本节点任期: 2, leader任期: 2
util.go:27: follower:0 收到 1 的心跳, 本节点任期: 2, leader任期: 2
util.go:27: 持久化状态成功
util.go:27: 持久化状态成功
util.go:27: server:0 Reset:6
util.go:27: leader:1 发送心跳包到follower:0
util.go:27: leader:1 发送心跳包到follower:2
util.go:27: follower:0 收到 1 的心跳, 本节点任期: 2, leader任期: 2
util.go:27: 持久化状态成功
util.go:27: follower:2 收到 1 的心跳, 本节点任期: 2, leader任期: 2
util.go:27: 持久化状态成功
util.go:27: leader:1 发送心跳包到follower:0
util.go:27: leader:1 发送心跳包到follower:2
util.go:27: follower:2 收到 1 的心跳, 本节点任期: 2, leader任期: 2
util.go:27: 持久化状态成功
util.go:27: follower:0 收到 1 的心跳, 本节点任期: 2, leader任期: 2
util.go:27: 持久化状态成功
util.go:27: leader:1 收到新日志:31 追加请求
util.go:27: leader:1 日志:[{30 2 5907284830272785711} {31 2 7980252676895280791}]
util.go:27: leader将返回该日志期望的提交位置:31，当前任期:2，和自己是leader:true
util.go:27: 持久化状态成功
util.go:27: Leader:1 发现server:0, 日志落后，现在可能需要日志:31, 本身日志数量2
util.go:27: Leader:1 发现server:2, 日志落后，现在可能需要日志:31, 本身日志数量2
util.go:27: follower:0 收到日志，序号: {31 2 7980252676895280791}，日志: [{30 2 5907284830272785711} {31 2 7980252676895280791}]
util.go:27: 持久化状态成功
util.go:27: leader:1 更新被提交的最高日志条目的索引为:31
util.go:27: leader:1 日志:[{30 2 5907284830272785711} {31 2 7980252676895280791}]
util.go:27: server:2 Reset:6
util.go:27: leader:1 发送心跳包到follower:0
util.go:27: Leader:1 发现server:2, 日志落后，现在可能需要日志:31, 本身日志数量2
util.go:27: follower:0 收到 1 的心跳, 本节点任期: 2, leader任期: 2
util.go:27: 持久化状态成功
util.go:27: follower:0 更新最新的提交日志索引: 31
util.go:27: follower:0 日志: [{30 2 5907284830272785711} {31 2 7980252676895280791}]
util.go:27: leader:1 收到新日志:32 追加请求
util.go:27: leader:1 日志:[{30 2 5907284830272785711} {31 2 7980252676895280791} {32 2 3439416190176731456}]
util.go:27: leader将返回该日志期望的提交位置:32，当前任期:2，和自己是leader:true
util.go:27: 持久化状态成功
util.go:27: leader:1 收到新日志:33 追加请求
util.go:27: leader:1 日志:[{30 2 5907284830272785711} {31 2 7980252676895280791} {32 2 3439416190176731456} {33 2 220237507776848752}]
util.go:27: leader将返回该日志期望的提交位置:33，当前任期:2，和自己是leader:true
util.go:27: 持久化状态成功
util.go:27: leader:1 收到新日志:34 追加请求
util.go:27: leader:1 日志:[{30 2 5907284830272785711} {31 2 7980252676895280791} {32 2 3439416190176731456} {33 2 220237507776848752} {34 2 5708253197987488108}]
util.go:27: leader将返回该日志期望的提交位置:34，当前任期:2，和自己是leader:true
util.go:27: 持久化状态成功
util.go:27: leader:1 收到新日志:35 追加请求
util.go:27: leader:1 日志:[{30 2 5907284830272785711} {31 2 7980252676895280791} {32 2 3439416190176731456} {33 2 220237507776848752} {34 2 5708253197987488108} {35 2 4734193066137868482}]
util.go:27: leader将返回该日志期望的提交位置:35，当前任期:2，和自己是leader:true
util.go:27: 持久化状态成功
util.go:27: leader:1 收到新日志:36 追加请求
util.go:27: leader:1 日志:[{30 2 5907284830272785711} {31 2 7980252676895280791} {32 2 3439416190176731456} {33 2 220237507776848752} {34 2 5708253197987488108} {35 2 4734193066137868482} {36 2 5178150892080979088}]
util.go:27: leader将返回该日志期望的提交位置:36，当前任期:2，和自己是leader:true
util.go:27: 持久化状态成功
util.go:27: leader:1 收到新日志:37 追加请求
util.go:27: leader:1 日志:[{30 2 5907284830272785711} {31 2 7980252676895280791} {32 2 3439416190176731456} {33 2 220237507776848752} {34 2 5708253197987488108} {35 2 4734193066137868482} {36 2 5178150892080979088} {37 2 4762204032941296182}]
util.go:27: leader将返回该日志期望的提交位置:37，当前任期:2，和自己是leader:true
util.go:27: 持久化状态成功
util.go:27: leader:1 收到新日志:38 追加请求
util.go:27: leader:1 日志:[{30 2 5907284830272785711} {31 2 7980252676895280791} {32 2 3439416190176731456} {33 2 220237507776848752} {34 2 5708253197987488108} {35 2 4734193066137868482} {36 2 5178150892080979088} {37 2 4762204032941296182} {38 2 1545902669292724973}]
util.go:27: leader将返回该日志期望的提交位置:38，当前任期:2，和自己是leader:true
util.go:27: 持久化状态成功
util.go:27: leader:1 收到新日志:39 追加请求
util.go:27: leader:1 日志:[{30 2 5907284830272785711} {31 2 7980252676895280791} {32 2 3439416190176731456} {33 2 220237507776848752} {34 2 5708253197987488108} {35 2 4734193066137868482} {36 2 5178150892080979088} {37 2 4762204032941296182} {38 2 1545902669292724973} {39 2 7304230514856131615}]
util.go:27: leader将返回该日志期望的提交位置:39，当前任期:2，和自己是leader:true
util.go:27: 持久化状态成功
util.go:27: leader:1 收到新日志:40 追加请求
util.go:27: leader:1 日志:[{30 2 5907284830272785711} {31 2 7980252676895280791} {32 2 3439416190176731456} {33 2 220237507776848752} {34 2 5708253197987488108} {35 2 4734193066137868482} {36 2 5178150892080979088} {37 2 4762204032941296182} {38 2 1545902669292724973} {39 2 7304230514856131615} {40 2 3958843995994586463}]
util.go:27: leader将返回该日志期望的提交位置:40，当前任期:2，和自己是leader:true
util.go:27: 持久化状态成功
util.go:27: leader:1 收到新日志:41 追加请求
util.go:27: leader:1 日志:[{30 2 5907284830272785711} {31 2 7980252676895280791} {32 2 3439416190176731456} {33 2 220237507776848752} {34 2 5708253197987488108} {35 2 4734193066137868482} {36 2 5178150892080979088} {37 2 4762204032941296182} {38 2 1545902669292724973} {39 2 7304230514856131615} {40 2 3958843995994586463} {41 2 1452034694077026318}]
util.go:27: leader将返回该日志期望的提交位置:41，当前任期:2，和自己是leader:true
util.go:27: 持久化状态成功
util.go:27: leader:1 收到新日志:42 追加请求
util.go:27: leader:1 日志:[{30 2 5907284830272785711} {31 2 7980252676895280791} {32 2 3439416190176731456} {33 2 220237507776848752} {34 2 5708253197987488108} {35 2 4734193066137868482} {36 2 5178150892080979088} {37 2 4762204032941296182} {38 2 1545902669292724973} {39 2 7304230514856131615} {40 2 3958843995994586463} {41 2 1452034694077026318} {42 2 4660031244392889060}]
util.go:27: leader将返回该日志期望的提交位置:42，当前任期:2，和自己是leader:true
util.go:27: 持久化状态成功
util.go:27: server:0 Reset:8
util.go:27: Leader:1 发现server:0, 日志落后，现在可能需要日志:32, 本身日志数量13
util.go:27: Leader:1 发现server:2, 日志落后，现在可能需要日志:31, 本身日志数量13
util.go:27: follower:0 收到日志，序号: {42 2 4660031244392889060}，日志: [{30 2 5907284830272785711} {31 2 7980252676895280791} {32 2 3439416190176731456} {33 2 220237507776848752} {34 2 5708253197987488108} {35 2 4734193066137868482} {36 2 5178150892080979088} {37 2 4762204032941296182} {38 2 1545902669292724973} {39 2 7304230514856131615} {40 2 3958843995994586463} {41 2 1452034694077026318} {42 2 4660031244392889060}]
util.go:27: 持久化状态成功
util.go:27: leader:1 更新被提交的最高日志条目的索引为:32
util.go:27: leader:1 日志:[{30 2 5907284830272785711} {31 2 7980252676895280791} {32 2 3439416190176731456} {33 2 220237507776848752} {34 2 5708253197987488108} {35 2 4734193066137868482} {36 2 5178150892080979088} {37 2 4762204032941296182} {38 2 1545902669292724973} {39 2 7304230514856131615} {40 2 3958843995994586463} {41 2 1452034694077026318} {42 2 4660031244392889060}]
util.go:27: leader:1 更新被提交的最高日志条目的索引为:33
util.go:27: leader:1 日志:[{30 2 5907284830272785711} {31 2 7980252676895280791} {32 2 3439416190176731456} {33 2 220237507776848752} {34 2 5708253197987488108} {35 2 4734193066137868482} {36 2 5178150892080979088} {37 2 4762204032941296182} {38 2 1545902669292724973} {39 2 7304230514856131615} {40 2 3958843995994586463} {41 2 1452034694077026318} {42 2 4660031244392889060}]
util.go:27: leader:1 更新被提交的最高日志条目的索引为:34
util.go:27: leader:1 日志:[{30 2 5907284830272785711} {31 2 7980252676895280791} {32 2 3439416190176731456} {33 2 220237507776848752} {34 2 5708253197987488108} {35 2 4734193066137868482} {36 2 5178150892080979088} {37 2 4762204032941296182} {38 2 1545902669292724973} {39 2 7304230514856131615} {40 2 3958843995994586463} {41 2 1452034694077026318} {42 2 4660031244392889060}]
util.go:27: leader:1 更新被提交的最高日志条目的索引为:35
util.go:27: leader:1 日志:[{30 2 5907284830272785711} {31 2 7980252676895280791} {32 2 3439416190176731456} {33 2 220237507776848752} {34 2 5708253197987488108} {35 2 4734193066137868482} {36 2 5178150892080979088} {37 2 4762204032941296182} {38 2 1545902669292724973} {39 2 7304230514856131615} {40 2 3958843995994586463} {41 2 1452034694077026318} {42 2 4660031244392889060}]
util.go:27: leader:1 更新被提交的最高日志条目的索引为:36
util.go:27: leader:1 日志:[{30 2 5907284830272785711} {31 2 7980252676895280791} {32 2 3439416190176731456} {33 2 220237507776848752} {34 2 5708253197987488108} {35 2 4734193066137868482} {36 2 5178150892080979088} {37 2 4762204032941296182} {38 2 1545902669292724973} {39 2 7304230514856131615} {40 2 3958843995994586463} {41 2 1452034694077026318} {42 2 4660031244392889060}]
util.go:27: leader:1 更新被提交的最高日志条目的索引为:37
util.go:27: leader:1 日志:[{30 2 5907284830272785711} {31 2 7980252676895280791} {32 2 3439416190176731456} {33 2 220237507776848752} {34 2 5708253197987488108} {35 2 4734193066137868482} {36 2 5178150892080979088} {37 2 4762204032941296182} {38 2 1545902669292724973} {39 2 7304230514856131615} {40 2 3958843995994586463} {41 2 1452034694077026318} {42 2 4660031244392889060}]
util.go:27: leader:1 更新被提交的最高日志条目的索引为:38
util.go:27: leader:1 日志:[{30 2 5907284830272785711} {31 2 7980252676895280791} {32 2 3439416190176731456} {33 2 220237507776848752} {34 2 5708253197987488108} {35 2 4734193066137868482} {36 2 5178150892080979088} {37 2 4762204032941296182} {38 2 1545902669292724973} {39 2 7304230514856131615} {40 2 3958843995994586463} {41 2 1452034694077026318} {42 2 4660031244392889060}]
util.go:27: leader:1 更新被提交的最高日志条目的索引为:39
util.go:27: leader:1 日志:[{30 2 5907284830272785711} {31 2 7980252676895280791} {32 2 3439416190176731456} {33 2 220237507776848752} {34 2 5708253197987488108} {35 2 4734193066137868482} {36 2 5178150892080979088} {37 2 4762204032941296182} {38 2 1545902669292724973} {39 2 7304230514856131615} {40 2 3958843995994586463} {41 2 1452034694077026318} {42 2 4660031244392889060}]
util.go:27: leader:1 更新被提交的最高日志条目的索引为:40
util.go:27: leader:1 日志:[{30 2 5907284830272785711} {31 2 7980252676895280791} {32 2 3439416190176731456} {33 2 220237507776848752} {34 2 5708253197987488108} {35 2 4734193066137868482} {36 2 5178150892080979088} {37 2 4762204032941296182} {38 2 1545902669292724973} {39 2 7304230514856131615} {40 2 3958843995994586463} {41 2 1452034694077026318} {42 2 4660031244392889060}]
util.go:27: leader:1 更新被提交的最高日志条目的索引为:41
util.go:27: leader:1 日志:[{30 2 5907284830272785711} {31 2 7980252676895280791} {32 2 3439416190176731456} {33 2 220237507776848752} {34 2 5708253197987488108} {35 2 4734193066137868482} {36 2 5178150892080979088} {37 2 4762204032941296182} {38 2 1545902669292724973} {39 2 7304230514856131615} {40 2 3958843995994586463} {41 2 1452034694077026318} {42 2 4660031244392889060}]
util.go:27: leader:1 更新被提交的最高日志条目的索引为:42
util.go:27: leader:1 日志:[{30 2 5907284830272785711} {31 2 7980252676895280791} {32 2 3439416190176731456} {33 2 220237507776848752} {34 2 5708253197987488108} {35 2 4734193066137868482} {36 2 5178150892080979088} {37 2 4762204032941296182} {38 2 1545902669292724973} {39 2 7304230514856131615} {40 2 3958843995994586463} {41 2 1452034694077026318} {42 2 4660031244392889060}]
util.go:27: server:1 压缩日志，从index:39 开始, log:[{40 2 3958843995994586463} {41 2 1452034694077026318} {42 2 4660031244392889060}]
util.go:27: leader:1 发送心跳包到follower:0
util.go:27: leader:1 follower2期望的日志的前一个日志:30已经被压缩了，直接发送快照
util.go:27: follower:0 收到 1 的心跳, 本节点任期: 2, leader任期: 2
util.go:27: 持久化状态成功
util.go:27: follower:0 更新最新的提交日志索引: 42
util.go:27: follower:0 日志: [{30 2 5907284830272785711} {31 2 7980252676895280791} {32 2 3439416190176731456} {33 2 220237507776848752} {34 2 5708253197987488108} {35 2 4734193066137868482} {36 2 5178150892080979088} {37 2 4762204032941296182} {38 2 1545902669292724973} {39 2 7304230514856131615} {40 2 3958843995994586463} {41 2 1452034694077026318} {42 2 4660031244392889060}]
util.go:27: server:0 压缩日志，从index:39 开始, log:[{40 2 3958843995994586463} {41 2 1452034694077026318} {42 2 4660031244392889060}]
util.go:27: leader:1 收到新日志:43 追加请求
util.go:27: leader:1 日志:[{40 2 3958843995994586463} {41 2 1452034694077026318} {42 2 4660031244392889060} {43 2 4559387488523802722}]
util.go:27: leader将返回该日志期望的提交位置:43，当前任期:2，和自己是leader:true
util.go:27: 持久化状态成功
util.go:27: Leader:1 发现server:0, 日志落后，现在可能需要日志:43, 本身日志数量4
util.go:27: leader:1 follower2期望的日志的前一个日志:30已经被压缩了，直接发送快照
util.go:27: server:2 成功储存快照及状态
util.go:27: leader:1 将server2的期望日志提升到：40
util.go:27: follower:0 收到日志，序号: {43 2 4559387488523802722}，日志: [{40 2 3958843995994586463} {41 2 1452034694077026318} {42 2 4660031244392889060} {43 2 4559387488523802722}]
util.go:27: 持久化状态成功
util.go:27: leader:1 更新被提交的最高日志条目的索引为:43
util.go:27: leader:1 日志:[{40 2 3958843995994586463} {41 2 1452034694077026318} {42 2 4660031244392889060} {43 2 4559387488523802722}]
util.go:27: server:2 Reset:1
util.go:27: leader:1 发送心跳包到follower:0
util.go:27: Leader:1 发现server:2, 日志落后，现在可能需要日志:40, 本身日志数量4
util.go:27: follower:0 收到 1 的心跳, 本节点任期: 2, leader任期: 2
util.go:27: 持久化状态成功
util.go:27: follower:0 更新最新的提交日志索引: 43
util.go:27: follower:0 日志: [{40 2 3958843995994586463} {41 2 1452034694077026318} {42 2 4660031244392889060} {43 2 4559387488523802722}]
util.go:27: follower:2 收到日志，序号: {43 2 4559387488523802722}，日志: [{40 2 3958843995994586463} {41 2 1452034694077026318} {42 2 4660031244392889060} {43 2 4559387488523802722}]
util.go:27: 持久化状态成功
util.go:27: follower:2 更新最新的提交日志索引: 43
util.go:27: follower:2 日志: [{40 2 3958843995994586463} {41 2 1452034694077026318} {42 2 4660031244392889060} {43 2 4559387488523802722}]
util.go:27: server:0 Reset:8
util.go:27: leader:1 发送心跳包到follower:0
util.go:27: leader:1 发送心跳包到follower:2
util.go:27: follower:0 收到 1 的心跳, 本节点任期: 2, leader任期: 2
util.go:27: 持久化状态成功
util.go:27: follower:2 收到 1 的心跳, 本节点任期: 2, leader任期: 2
util.go:27: 持久化状态成功
util.go:27: leader:1 发送心跳包到follower:0
util.go:27: leader:1 发送心跳包到follower:2
util.go:27: follower:0 收到 1 的心跳, 本节点任期: 2, leader任期: 2
util.go:27: follower:2 收到 1 的心跳, 本节点任期: 2, leader任期: 2
util.go:27: 持久化状态成功
util.go:27: 持久化状态成功
util.go:27: leader:1 发送心跳包到follower:0
util.go:27: leader:1 发送心跳包到follower:2
util.go:27: follower:2 收到 1 的心跳, 本节点任期: 2, leader任期: 2
util.go:27: 持久化状态成功
util.go:27: follower:0 收到 1 的心跳, 本节点任期: 2, leader任期: 2
util.go:27: 持久化状态成功
util.go:27: server:2 Reset:8
util.go:27: leader:1 发送心跳包到follower:0
util.go:27: leader:1 发送心跳包到follower:2
util.go:27: follower:0 收到 1 的心跳, 本节点任期: 2, leader任期: 2
util.go:27: follower:2 收到 1 的心跳, 本节点任期: 2, leader任期: 2
util.go:27: 持久化状态成功
util.go:27: 持久化状态成功
util.go:27: server:0 Reset:8
util.go:27: leader:1 发送心跳包到follower:0
util.go:27: leader:1 发送心跳包到follower:2
util.go:27: leader:1 发送心跳包到follower:0
util.go:27: leader:1 发送心跳包到follower:2
util.go:27: server:2 Reset:2
util.go:27: leader:1 发送心跳包到follower:0
util.go:27: leader:1 发送心跳包到follower:2
util.go:27: leader:1 发送心跳包到follower:0
util.go:27: leader:1 发送心跳包到follower:2
util.go:27: server:0, term:2, start vote
util.go:27: 持久化状态成功
util.go:27: server:2 接收到server:0发送的投票RPC
util.go:27: server:2 投票给了:0
util.go:27: 持久化状态成功
util.go:27: server:0, term:3, commitIndex:43 发送投票RPC
util.go:27: server:0 获取到server:2的选票
util.go:27: server:0 <- 胜选 ->，任期为: 3
util.go:27: server:0 log:[{40 2 3958843995994586463} {41 2 1452034694077026318} {42 2 4660031244392889060} {43 2 4559387488523802722}]
util.go:27: 持久化状态成功
util.go:27: leader:0 发送心跳包到follower:1
util.go:27: leader:0 发送心跳包到follower:2
util.go:27: follower:2 收到 0 的心跳, 本节点任期: 3, leader任期: 3
util.go:27: 持久化状态成功
util.go:27: leader:0 收到新日志:44 追加请求
util.go:27: leader:0 日志:[{40 2 3958843995994586463} {41 2 1452034694077026318} {42 2 4660031244392889060} {43 2 4559387488523802722} {44 3 8417064201482908139}]
util.go:27: leader将返回该日志期望的提交位置:44，当前任期:3，和自己是leader:true
util.go:27: 持久化状态成功
util.go:27: leader:1 发送心跳包到follower:0
util.go:27: leader:1 发送心跳包到follower:2
util.go:27: Leader:0 发现server:1, 日志落后，现在可能需要日志:44, 本身日志数量5
util.go:27: Leader:0 发现server:2, 日志落后，现在可能需要日志:44, 本身日志数量5
util.go:27: follower:2 收到日志，序号: {44 3 8417064201482908139}，日志: [{40 2 3958843995994586463} {41 2 1452034694077026318} {42 2 4660031244392889060} {43 2 4559387488523802722} {44 3 8417064201482908139}]
util.go:27: 持久化状态成功
util.go:27: leader:0 更新被提交的最高日志条目的索引为:44
util.go:27: leader:0 日志:[{40 2 3958843995994586463} {41 2 1452034694077026318} {42 2 4660031244392889060} {43 2 4559387488523802722} {44 3 8417064201482908139}]
util.go:27: leader:1 发送心跳包到follower:0
util.go:27: server:2 Reset:5
util.go:27: leader:1 发送心跳包到follower:2
util.go:27: Leader:0 发现server:1, 日志落后，现在可能需要日志:44, 本身日志数量5
util.go:27: leader:0 发送心跳包到follower:2
util.go:27: follower:2 收到 0 的心跳, 本节点任期: 3, leader任期: 3
util.go:27: 持久化状态成功
util.go:27: follower:2 更新最新的提交日志索引: 44
util.go:27: follower:2 日志: [{40 2 3958843995994586463} {41 2 1452034694077026318} {42 2 4660031244392889060} {43 2 4559387488523802722} {44 3 8417064201482908139}]
util.go:27: leader:0 收到新日志:45 追加请求
util.go:27: leader:0 日志:[{40 2 3958843995994586463} {41 2 1452034694077026318} {42 2 4660031244392889060} {43 2 4559387488523802722} {44 3 8417064201482908139} {45 3 8910563482419145640}]
util.go:27: leader将返回该日志期望的提交位置:45，当前任期:3，和自己是leader:true
util.go:27: 持久化状态成功
util.go:27: leader:1 发送心跳包到follower:0
util.go:27: leader:1 发送心跳包到follower:2
util.go:27: Leader:0 发现server:1, 日志落后，现在可能需要日志:44, 本身日志数量6
util.go:27: Leader:0 发现server:2, 日志落后，现在可能需要日志:45, 本身日志数量6
util.go:27: follower:2 收到日志，序号: {45 3 8910563482419145640}，日志: [{40 2 3958843995994586463} {41 2 1452034694077026318} {42 2 4660031244392889060} {43 2 4559387488523802722} {44 3 8417064201482908139} {45 3 8910563482419145640}]
util.go:27: 持久化状态成功
util.go:27: leader:0 更新被提交的最高日志条目的索引为:45
util.go:27: leader:0 日志:[{40 2 3958843995994586463} {41 2 1452034694077026318} {42 2 4660031244392889060} {43 2 4559387488523802722} {44 3 8417064201482908139} {45 3 8910563482419145640}]
util.go:27: leader:1 发送心跳包到follower:0
util.go:27: leader:1 发送心跳包到follower:2
util.go:27: Leader:0 发现server:1, 日志落后，现在可能需要日志:44, 本身日志数量6
util.go:27: leader:0 发送心跳包到follower:2
util.go:27: follower:2 收到 0 的心跳, 本节点任期: 3, leader任期: 3
util.go:27: 持久化状态成功
util.go:27: follower:2 更新最新的提交日志索引: 45
util.go:27: follower:2 日志: [{40 2 3958843995994586463} {41 2 1452034694077026318} {42 2 4660031244392889060} {43 2 4559387488523802722} {44 3 8417064201482908139} {45 3 8910563482419145640}]
util.go:27: leader:1 收到新日志:44 追加请求
util.go:27: leader:1 日志:[{40 2 3958843995994586463} {41 2 1452034694077026318} {42 2 4660031244392889060} {43 2 4559387488523802722} {44 2 6425351011098512005}]
util.go:27: leader将返回该日志期望的提交位置:44，当前任期:2，和自己是leader:true
util.go:27: 持久化状态成功
util.go:27: Leader:1 发现server:0, 日志落后，现在可能需要日志:44, 本身日志数量5
util.go:27: Leader:1 发现server:2, 日志落后，现在可能需要日志:44, 本身日志数量5
util.go:27: server:0 接收到追加日志RPC的任期为:2, 小于自身当前任期:3，将无视该RPC
util.go:27: server:2 接收到追加日志RPC的任期为:2, 小于自身当前任期:3，将无视该RPC
util.go:27: old leader:1 发现自己任期小于follower:0 故变回follower
 
util.go:27: 持久化状态成功
util.go:27: leader:1 停止发送心跳包
util.go:27: Leader:0 发现server:1, 日志落后，现在可能需要日志:44, 本身日志数量6
util.go:27: leader:0 发送心跳包到follower:2
util.go:27: follower:2 收到 0 的心跳, 本节点任期: 3, leader任期: 3
util.go:27: 持久化状态成功
util.go:27: server:1 一个现有的条目任期2 与一个新的条目任期3 相冲突
util.go:27: server:1 日志:[{40 2 3958843995994586463} {41 2 1452034694077026318} {42 2 4660031244392889060} {43 2 4559387488523802722}]
util.go:27: 持久化状态成功
util.go:27: follower:1 收到日志，序号: {45 3 8910563482419145640}，日志: [{40 2 3958843995994586463} {41 2 1452034694077026318} {42 2 4660031244392889060} {43 2 4559387488523802722} {44 3 8417064201482908139} {45 3 8910563482419145640}]
util.go:27: 持久化状态成功
util.go:27: follower:1 更新最新的提交日志索引: 45
util.go:27: follower:1 日志: [{40 2 3958843995994586463} {41 2 1452034694077026318} {42 2 4660031244392889060} {43 2 4559387488523802722} {44 3 8417064201482908139} {45 3 8910563482419145640}]
util.go:27: server:2 Reset:9
util.go:27: leader:0 发送心跳包到follower:1
util.go:27: leader:0 发送心跳包到follower:2
util.go:27: follower:1 收到 0 的心跳, 本节点任期: 3, leader任期: 3
util.go:27: 持久化状态成功
util.go:27: follower:2 收到 0 的心跳, 本节点任期: 3, leader任期: 3
util.go:27: 持久化状态成功
util.go:27: server:0 Reset:1
util.go:27: server:1 Reset:5
util.go:27: leader:0 发送心跳包到follower:1
util.go:27: leader:0 发送心跳包到follower:2
util.go:27: follower:2 收到 0 的心跳, 本节点任期: 3, leader任期: 3
util.go:27: 持久化状态成功
util.go:27: follower:1 收到 0 的心跳, 本节点任期: 3, leader任期: 3
util.go:27: 持久化状态成功
util.go:27: leader:0 发送心跳包到follower:1
util.go:27: leader:0 发送心跳包到follower:2
util.go:27: follower:2 收到 0 的心跳, 本节点任期: 3, leader任期: 3
util.go:27: 持久化状态成功
util.go:27: follower:1 收到 0 的心跳, 本节点任期: 3, leader任期: 3
util.go:27: 持久化状态成功
util.go:27: leader:0 发送心跳包到follower:1
util.go:27: leader:0 发送心跳包到follower:2
util.go:27: follower:1 收到 0 的心跳, 本节点任期: 3, leader任期: 3
util.go:27: 持久化状态成功
util.go:27: follower:2 收到 0 的心跳, 本节点任期: 3, leader任期: 3
util.go:27: 持久化状态成功
util.go:27: server:2 Reset:8
util.go:27: server:1 Reset:6
util.go:27: leader:0 发送心跳包到follower:1
util.go:27: leader:0 发送心跳包到follower:2
util.go:27: follower:2 收到 0 的心跳, 本节点任期: 3, leader任期: 3
util.go:27: 持久化状态成功
util.go:27: follower:1 收到 0 的心跳, 本节点任期: 3, leader任期: 3
util.go:27: 持久化状态成功
util.go:27: leader:0 发送心跳包到follower:1
util.go:27: leader:0 发送心跳包到follower:2
util.go:27: follower:2 收到 0 的心跳, 本节点任期: 3, leader任期: 3
util.go:27: 持久化状态成功
util.go:27: follower:1 收到 0 的心跳, 本节点任期: 3, leader任期: 3
util.go:27: 持久化状态成功
util.go:27: leader:0 发送心跳包到follower:1
util.go:27: leader:0 发送心跳包到follower:2
util.go:27: follower:2 收到 0 的心跳, 本节点任期: 3, leader任期: 3
util.go:27: 持久化状态成功
util.go:27: follower:1 收到 0 的心跳, 本节点任期: 3, leader任期: 3
util.go:27: 持久化状态成功
util.go:27: leader:0 发送心跳包到follower:1
util.go:27: leader:0 发送心跳包到follower:2
util.go:27: follower:2 收到 0 的心跳, 本节点任期: 3, leader任期: 3
util.go:27: 持久化状态成功
util.go:27: follower:1 收到 0 的心跳, 本节点任期: 3, leader任期: 3
util.go:27: 持久化状态成功
util.go:27: server:2 Reset:8
util.go:27: leader:0 发送心跳包到follower:1
util.go:27: leader:0 发送心跳包到follower:2
util.go:27: follower:1 收到 0 的心跳, 本节点任期: 3, leader任期: 3
util.go:27: 持久化状态成功
util.go:27: follower:2 收到 0 的心跳, 本节点任期: 3, leader任期: 3
util.go:27: 持久化状态成功
util.go:27: server:1 Reset:10
util.go:27: leader:0 发送心跳包到follower:1
util.go:27: leader:0 发送心跳包到follower:2
util.go:27: follower:2 收到 0 的心跳, 本节点任期: 3, leader任期: 3
util.go:27: 持久化状态成功
util.go:27: follower:1 收到 0 的心跳, 本节点任期: 3, leader任期: 3
util.go:27: 持久化状态成功
util.go:27: leader:0 发送心跳包到follower:1
util.go:27: leader:0 发送心跳包到follower:2
util.go:27: follower:1 收到 0 的心跳, 本节点任期: 3, leader任期: 3
util.go:27: 持久化状态成功
util.go:27: follower:2 收到 0 的心跳, 本节点任期: 3, leader任期: 3
util.go:27: 持久化状态成功
util.go:27: leader:0 发送心跳包到follower:1
util.go:27: leader:0 发送心跳包到follower:2
util.go:27: follower:2 收到 0 的心跳, 本节点任期: 3, leader任期: 3
util.go:27: follower:1 收到 0 的心跳, 本节点任期: 3, leader任期: 3
util.go:27: 持久化状态成功
util.go:27: 持久化状态成功
util.go:27: server:1 Reset:6
util.go:27: server:2 Reset:8
util.go:27: leader:0 发送心跳包到follower:1
util.go:27: leader:0 发送心跳包到follower:2
util.go:27: follower:2 收到 0 的心跳, 本节点任期: 3, leader任期: 3
util.go:27: 持久化状态成功
util.go:27: follower:1 收到 0 的心跳, 本节点任期: 3, leader任期: 3
util.go:27: 持久化状态成功
util.go:27: leader:0 发送心跳包到follower:1
util.go:27: leader:0 发送心跳包到follower:2
util.go:27: follower:2 收到 0 的心跳, 本节点任期: 3, leader任期: 3
util.go:27: follower:1 收到 0 的心跳, 本节点任期: 3, leader任期: 3
util.go:27: 持久化状态成功
util.go:27: 持久化状态成功
util.go:27: leader:0 发送心跳包到follower:1
util.go:27: leader:0 发送心跳包到follower:2
util.go:27: follower:2 收到 0 的心跳, 本节点任期: 3, leader任期: 3
util.go:27: 持久化状态成功
util.go:27: follower:1 收到 0 的心跳, 本节点任期: 3, leader任期: 3
util.go:27: 持久化状态成功
util.go:27: server:1 Reset:6
util.go:27: server:2 Reset:6
util.go:27: leader:0 发送心跳包到follower:1
util.go:27: leader:0 发送心跳包到follower:2
util.go:27: follower:1 收到 0 的心跳, 本节点任期: 3, leader任期: 3
util.go:27: 持久化状态成功
util.go:27: follower:2 收到 0 的心跳, 本节点任期: 3, leader任期: 3
util.go:27: 持久化状态成功
util.go:27: leader:0 发送心跳包到follower:1
util.go:27: leader:0 发送心跳包到follower:2
util.go:27: follower:2 收到 0 的心跳, 本节点任期: 3, leader任期: 3
util.go:27: 持久化状态成功
util.go:27: follower:1 收到 0 的心跳, 本节点任期: 3, leader任期: 3
util.go:27: 持久化状态成功
util.go:27: leader:0 发送心跳包到follower:1
util.go:27: leader:0 发送心跳包到follower:2
util.go:27: follower:2 收到 0 的心跳, 本节点任期: 3, leader任期: 3
util.go:27: 持久化状态成功
util.go:27: follower:1 收到 0 的心跳, 本节点任期: 3, leader任期: 3
util.go:27: 持久化状态成功
util.go:27: leader:0 发送心跳包到follower:1
util.go:27: leader:0 发送心跳包到follower:2
util.go:27: follower:2 收到 0 的心跳, 本节点任期: 3, leader任期: 3
util.go:27: 持久化状态成功
util.go:27: follower:1 收到 0 的心跳, 本节点任期: 3, leader任期: 3
util.go:27: 持久化状态成功
util.go:27: leader:0 收到新日志:46 追加请求
util.go:27: leader:0 日志:[{40 2 3958843995994586463} {41 2 1452034694077026318} {42 2 4660031244392889060} {43 2 4559387488523802722} {44 3 8417064201482908139} {45 3 8910563482419145640} {46 3 6425351011098512005}]
util.go:27: leader将返回该日志期望的提交位置:46，当前任期:3，和自己是leader:true
util.go:27: 持久化状态成功
util.go:27: server:1 Reset:8
util.go:27: server:2 Reset:8
util.go:27: Leader:0 发现server:1, 日志落后，现在可能需要日志:46, 本身日志数量7
util.go:27: Leader:0 发现server:2, 日志落后，现在可能需要日志:46, 本身日志数量7
util.go:27: follower:2 收到日志，序号: {46 3 6425351011098512005}，日志: [{40 2 3958843995994586463} {41 2 1452034694077026318} {42 2 4660031244392889060} {43 2 4559387488523802722} {44 3 8417064201482908139} {45 3 8910563482419145640} {46 3 6425351011098512005}]
util.go:27: 持久化状态成功
util.go:27: follower:1 收到日志，序号: {46 3 6425351011098512005}，日志: [{40 2 3958843995994586463} {41 2 1452034694077026318} {42 2 4660031244392889060} {43 2 4559387488523802722} {44 3 8417064201482908139} {45 3 8910563482419145640} {46 3 6425351011098512005}]
util.go:27: leader:0 更新被提交的最高日志条目的索引为:46
util.go:27: leader:0 日志:[{40 2 3958843995994586463} {41 2 1452034694077026318} {42 2 4660031244392889060} {43 2 4559387488523802722} {44 3 8417064201482908139} {45 3 8910563482419145640} {46 3 6425351011098512005}]
util.go:27: 持久化状态成功
util.go:27: leader:0 发送心跳包到follower:1
util.go:27: leader:0 发送心跳包到follower:2
util.go:27: follower:2 收到 0 的心跳, 本节点任期: 3, leader任期: 3
util.go:27: 持久化状态成功
util.go:27: follower:2 更新最新的提交日志索引: 46
util.go:27: follower:2 日志: [{40 2 3958843995994586463} {41 2 1452034694077026318} {42 2 4660031244392889060} {43 2 4559387488523802722} {44 3 8417064201482908139} {45 3 8910563482419145640} {46 3 6425351011098512005}]
util.go:27: follower:1 收到 0 的心跳, 本节点任期: 3, leader任期: 3
util.go:27: 持久化状态成功
util.go:27: follower:1 更新最新的提交日志索引: 46
util.go:27: follower:1 日志: [{40 2 3958843995994586463} {41 2 1452034694077026318} {42 2 4660031244392889060} {43 2 4559387488523802722} {44 3 8417064201482908139} {45 3 8910563482419145640} {46 3 6425351011098512005}]
util.go:27: leader:0 发送心跳包到follower:1
util.go:27: leader:0 发送心跳包到follower:2
util.go:27: follower:1 收到 0 的心跳, 本节点任期: 3, leader任期: 3
util.go:27: 持久化状态成功
util.go:27: follower:2 收到 0 的心跳, 本节点任期: 3, leader任期: 3
util.go:27: 持久化状态成功
util.go:27: server:1 Reset:6
util.go:27: leader:0 发送心跳包到follower:1
util.go:27: leader:0 发送心跳包到follower:2
util.go:27: follower:2 收到 0 的心跳, 本节点任期: 3, leader任期: 3
util.go:27: 持久化状态成功
util.go:27: follower:1 收到 0 的心跳, 本节点任期: 3, leader任期: 3
util.go:27: 持久化状态成功
util.go:27: server:2 Reset:8
util.go:27: leader:0 发送心跳包到follower:1
util.go:27: leader:0 发送心跳包到follower:2
util.go:27: follower:2 收到 0 的心跳, 本节点任期: 3, leader任期: 3
util.go:27: 持久化状态成功
util.go:27: follower:1 收到 0 的心跳, 本节点任期: 3, leader任期: 3
util.go:27: 持久化状态成功
util.go:27: leader:0 发送心跳包到follower:1
util.go:27: leader:0 发送心跳包到follower:2
util.go:27: follower:2 收到 0 的心跳, 本节点任期: 3, leader任期: 3
util.go:27: 持久化状态成功
util.go:27: follower:1 收到 0 的心跳, 本节点任期: 3, leader任期: 3
util.go:27: 持久化状态成功
util.go:27: leader:0 发送心跳包到follower:1
util.go:27: leader:0 发送心跳包到follower:2
util.go:27: follower:2 收到 0 的心跳, 本节点任期: 3, leader任期: 3
util.go:27: follower:1 收到 0 的心跳, 本节点任期: 3, leader任期: 3
util.go:27: 持久化状态成功
util.go:27: 持久化状态成功
util.go:27: server:1 Reset:8
util.go:27: leader:0 收到新日志:47 追加请求
util.go:27: leader:0 日志:[{40 2 3958843995994586463} {41 2 1452034694077026318} {42 2 4660031244392889060} {43 2 4559387488523802722} {44 3 8417064201482908139} {45 3 8910563482419145640} {46 3 6425351011098512005} {47 3 9217921659489036491}]
util.go:27: leader将返回该日志期望的提交位置:47，当前任期:3，和自己是leader:true
util.go:27: 持久化状态成功
util.go:27: server:2 Reset:6
util.go:27: Leader:0 发现server:1, 日志落后，现在可能需要日志:47, 本身日志数量8
util.go:27: Leader:0 发现server:2, 日志落后，现在可能需要日志:47, 本身日志数量8
util.go:27: follower:2 收到日志，序号: {47 3 9217921659489036491}，日志: [{40 2 3958843995994586463} {41 2 1452034694077026318} {42 2 4660031244392889060} {43 2 4559387488523802722} {44 3 8417064201482908139} {45 3 8910563482419145640} {46 3 6425351011098512005} {47 3 9217921659489036491}]
util.go:27: 持久化状态成功
util.go:27: leader:0 更新被提交的最高日志条目的索引为:47
util.go:27: leader:0 日志:[{40 2 3958843995994586463} {41 2 1452034694077026318} {42 2 4660031244392889060} {43 2 4559387488523802722} {44 3 8417064201482908139} {45 3 8910563482419145640} {46 3 6425351011098512005} {47 3 9217921659489036491}]
util.go:27: Leader:0 发现server:1, 日志落后，现在可能需要日志:47, 本身日志数量8
util.go:27: leader:0 发送心跳包到follower:2
util.go:27: follower:2 收到 0 的心跳, 本节点任期: 3, leader任期: 3
util.go:27: 持久化状态成功
util.go:27: follower:2 更新最新的提交日志索引: 47
util.go:27: follower:2 日志: [{40 2 3958843995994586463} {41 2 1452034694077026318} {42 2 4660031244392889060} {43 2 4559387488523802722} {44 3 8417064201482908139} {45 3 8910563482419145640} {46 3 6425351011098512005} {47 3 9217921659489036491}]
util.go:27: leader:0 收到新日志:48 追加请求
util.go:27: leader:0 日志:[{40 2 3958843995994586463} {41 2 1452034694077026318} {42 2 4660031244392889060} {43 2 4559387488523802722} {44 3 8417064201482908139} {45 3 8910563482419145640} {46 3 6425351011098512005} {47 3 9217921659489036491} {48 3 2077192473641069361}]
util.go:27: leader将返回该日志期望的提交位置:48，当前任期:3，和自己是leader:true
util.go:27: 持久化状态成功
util.go:27: leader:0 收到新日志:49 追加请求
util.go:27: leader:0 日志:[{40 2 3958843995994586463} {41 2 1452034694077026318} {42 2 4660031244392889060} {43 2 4559387488523802722} {44 3 8417064201482908139} {45 3 8910563482419145640} {46 3 6425351011098512005} {47 3 9217921659489036491} {48 3 2077192473641069361} {49 3 2417342222826453871}]
util.go:27: leader将返回该日志期望的提交位置:49，当前任期:3，和自己是leader:true
util.go:27: 持久化状态成功
util.go:27: leader:0 收到新日志:50 追加请求
util.go:27: leader:0 日志:[{40 2 3958843995994586463} {41 2 1452034694077026318} {42 2 4660031244392889060} {43 2 4559387488523802722} {44 3 8417064201482908139} {45 3 8910563482419145640} {46 3 6425351011098512005} {47 3 9217921659489036491} {48 3 2077192473641069361} {49 3 2417342222826453871} {50 3 2871635543369480504}]
util.go:27: leader将返回该日志期望的提交位置:50，当前任期:3，和自己是leader:true
util.go:27: 持久化状态成功
util.go:27: leader:0 收到新日志:51 追加请求
util.go:27: leader:0 日志:[{40 2 3958843995994586463} {41 2 1452034694077026318} {42 2 4660031244392889060} {43 2 4559387488523802722} {44 3 8417064201482908139} {45 3 8910563482419145640} {46 3 6425351011098512005} {47 3 9217921659489036491} {48 3 2077192473641069361} {49 3 2417342222826453871} {50 3 2871635543369480504} {51 3 3898723348882190275}]
util.go:27: leader将返回该日志期望的提交位置:51，当前任期:3，和自己是leader:true
util.go:27: 持久化状态成功
util.go:27: leader:0 收到新日志:52 追加请求
util.go:27: leader:0 日志:[{40 2 3958843995994586463} {41 2 1452034694077026318} {42 2 4660031244392889060} {43 2 4559387488523802722} {44 3 8417064201482908139} {45 3 8910563482419145640} {46 3 6425351011098512005} {47 3 9217921659489036491} {48 3 2077192473641069361} {49 3 2417342222826453871} {50 3 2871635543369480504} {51 3 3898723348882190275} {52 3 5634272048197581936}]
util.go:27: leader将返回该日志期望的提交位置:52，当前任期:3，和自己是leader:true
util.go:27: 持久化状态成功
util.go:27: leader:0 收到新日志:53 追加请求
util.go:27: leader:0 日志:[{40 2 3958843995994586463} {41 2 1452034694077026318} {42 2 4660031244392889060} {43 2 4559387488523802722} {44 3 8417064201482908139} {45 3 8910563482419145640} {46 3 6425351011098512005} {47 3 9217921659489036491} {48 3 2077192473641069361} {49 3 2417342222826453871} {50 3 2871635543369480504} {51 3 3898723348882190275} {52 3 5634272048197581936} {53 3 1844298203698644732}]
util.go:27: leader将返回该日志期望的提交位置:53，当前任期:3，和自己是leader:true
util.go:27: 持久化状态成功
util.go:27: leader:0 收到新日志:54 追加请求
util.go:27: leader:0 日志:[{40 2 3958843995994586463} {41 2 1452034694077026318} {42 2 4660031244392889060} {43 2 4559387488523802722} {44 3 8417064201482908139} {45 3 8910563482419145640} {46 3 6425351011098512005} {47 3 9217921659489036491} {48 3 2077192473641069361} {49 3 2417342222826453871} {50 3 2871635543369480504} {51 3 3898723348882190275} {52 3 5634272048197581936} {53 3 1844298203698644732} {54 3 1871722392308630676}]
util.go:27: leader将返回该日志期望的提交位置:54，当前任期:3，和自己是leader:true
util.go:27: 持久化状态成功
util.go:27: leader:0 收到新日志:55 追加请求
util.go:27: leader:0 日志:[{40 2 3958843995994586463} {41 2 1452034694077026318} {42 2 4660031244392889060} {43 2 4559387488523802722} {44 3 8417064201482908139} {45 3 8910563482419145640} {46 3 6425351011098512005} {47 3 9217921659489036491} {48 3 2077192473641069361} {49 3 2417342222826453871} {50 3 2871635543369480504} {51 3 3898723348882190275} {52 3 5634272048197581936} {53 3 1844298203698644732} {54 3 1871722392308630676} {55 3 6386755396893235085}]
util.go:27: leader将返回该日志期望的提交位置:55，当前任期:3，和自己是leader:true
util.go:27: 持久化状态成功
util.go:27: leader:0 收到新日志:56 追加请求
util.go:27: leader:0 日志:[{40 2 3958843995994586463} {41 2 1452034694077026318} {42 2 4660031244392889060} {43 2 4559387488523802722} {44 3 8417064201482908139} {45 3 8910563482419145640} {46 3 6425351011098512005} {47 3 9217921659489036491} {48 3 2077192473641069361} {49 3 2417342222826453871} {50 3 2871635543369480504} {51 3 3898723348882190275} {52 3 5634272048197581936} {53 3 1844298203698644732} {54 3 1871722392308630676} {55 3 6386755396893235085} {56 3 4135209170379057594}]
util.go:27: leader将返回该日志期望的提交位置:56，当前任期:3，和自己是leader:true
util.go:27: 持久化状态成功
util.go:27: leader:0 收到新日志:57 追加请求
util.go:27: leader:0 日志:[{40 2 3958843995994586463} {41 2 1452034694077026318} {42 2 4660031244392889060} {43 2 4559387488523802722} {44 3 8417064201482908139} {45 3 8910563482419145640} {46 3 6425351011098512005} {47 3 9217921659489036491} {48 3 2077192473641069361} {49 3 2417342222826453871} {50 3 2871635543369480504} {51 3 3898723348882190275} {52 3 5634272048197581936} {53 3 1844298203698644732} {54 3 1871722392308630676} {55 3 6386755396893235085} {56 3 4135209170379057594} {57 3 8673496702355375636}]
util.go:27: leader将返回该日志期望的提交位置:57，当前任期:3，和自己是leader:true
util.go:27: 持久化状态成功
util.go:27: leader:0 收到新日志:58 追加请求
util.go:27: leader:0 日志:[{40 2 3958843995994586463} {41 2 1452034694077026318} {42 2 4660031244392889060} {43 2 4559387488523802722} {44 3 8417064201482908139} {45 3 8910563482419145640} {46 3 6425351011098512005} {47 3 9217921659489036491} {48 3 2077192473641069361} {49 3 2417342222826453871} {50 3 2871635543369480504} {51 3 3898723348882190275} {52 3 5634272048197581936} {53 3 1844298203698644732} {54 3 1871722392308630676} {55 3 6386755396893235085} {56 3 4135209170379057594} {57 3 8673496702355375636} {58 3 3049522396974174944}]
util.go:27: leader将返回该日志期望的提交位置:58，当前任期:3，和自己是leader:true
util.go:27: 持久化状态成功
util.go:27: leader:0 收到新日志:59 追加请求
util.go:27: leader:0 日志:[{40 2 3958843995994586463} {41 2 1452034694077026318} {42 2 4660031244392889060} {43 2 4559387488523802722} {44 3 8417064201482908139} {45 3 8910563482419145640} {46 3 6425351011098512005} {47 3 9217921659489036491} {48 3 2077192473641069361} {49 3 2417342222826453871} {50 3 2871635543369480504} {51 3 3898723348882190275} {52 3 5634272048197581936} {53 3 1844298203698644732} {54 3 1871722392308630676} {55 3 6386755396893235085} {56 3 4135209170379057594} {57 3 8673496702355375636} {58 3 3049522396974174944} {59 3 5655708270232949606}]
util.go:27: leader将返回该日志期望的提交位置:59，当前任期:3，和自己是leader:true
util.go:27: 持久化状态成功
util.go:27: Leader:0 发现server:1, 日志落后，现在可能需要日志:47, 本身日志数量20
util.go:27: Leader:0 发现server:2, 日志落后，现在可能需要日志:48, 本身日志数量20
util.go:27: follower:2 收到日志，序号: {59 3 5655708270232949606}，日志: [{40 2 3958843995994586463} {41 2 1452034694077026318} {42 2 4660031244392889060} {43 2 4559387488523802722} {44 3 8417064201482908139} {45 3 8910563482419145640} {46 3 6425351011098512005} {47 3 9217921659489036491} {48 3 2077192473641069361} {49 3 2417342222826453871} {50 3 2871635543369480504} {51 3 3898723348882190275} {52 3 5634272048197581936} {53 3 1844298203698644732} {54 3 1871722392308630676} {55 3 6386755396893235085} {56 3 4135209170379057594} {57 3 8673496702355375636} {58 3 3049522396974174944} {59 3 5655708270232949606}]
util.go:27: 持久化状态成功
util.go:27: leader:0 更新被提交的最高日志条目的索引为:48
util.go:27: leader:0 日志:[{40 2 3958843995994586463} {41 2 1452034694077026318} {42 2 4660031244392889060} {43 2 4559387488523802722} {44 3 8417064201482908139} {45 3 8910563482419145640} {46 3 6425351011098512005} {47 3 9217921659489036491} {48 3 2077192473641069361} {49 3 2417342222826453871} {50 3 2871635543369480504} {51 3 3898723348882190275} {52 3 5634272048197581936} {53 3 1844298203698644732} {54 3 1871722392308630676} {55 3 6386755396893235085} {56 3 4135209170379057594} {57 3 8673496702355375636} {58 3 3049522396974174944} {59 3 5655708270232949606}]
util.go:27: leader:0 更新被提交的最高日志条目的索引为:49
util.go:27: leader:0 日志:[{40 2 3958843995994586463} {41 2 1452034694077026318} {42 2 4660031244392889060} {43 2 4559387488523802722} {44 3 8417064201482908139} {45 3 8910563482419145640} {46 3 6425351011098512005} {47 3 9217921659489036491} {48 3 2077192473641069361} {49 3 2417342222826453871} {50 3 2871635543369480504} {51 3 3898723348882190275} {52 3 5634272048197581936} {53 3 1844298203698644732} {54 3 1871722392308630676} {55 3 6386755396893235085} {56 3 4135209170379057594} {57 3 8673496702355375636} {58 3 3049522396974174944} {59 3 5655708270232949606}]
util.go:27: leader:0 更新被提交的最高日志条目的索引为:50
util.go:27: leader:0 日志:[{40 2 3958843995994586463} {41 2 1452034694077026318} {42 2 4660031244392889060} {43 2 4559387488523802722} {44 3 8417064201482908139} {45 3 8910563482419145640} {46 3 6425351011098512005} {47 3 9217921659489036491} {48 3 2077192473641069361} {49 3 2417342222826453871} {50 3 2871635543369480504} {51 3 3898723348882190275} {52 3 5634272048197581936} {53 3 1844298203698644732} {54 3 1871722392308630676} {55 3 6386755396893235085} {56 3 4135209170379057594} {57 3 8673496702355375636} {58 3 3049522396974174944} {59 3 5655708270232949606}]
util.go:27: leader:0 更新被提交的最高日志条目的索引为:51
util.go:27: leader:0 日志:[{40 2 3958843995994586463} {41 2 1452034694077026318} {42 2 4660031244392889060} {43 2 4559387488523802722} {44 3 8417064201482908139} {45 3 8910563482419145640} {46 3 6425351011098512005} {47 3 9217921659489036491} {48 3 2077192473641069361} {49 3 2417342222826453871} {50 3 2871635543369480504} {51 3 3898723348882190275} {52 3 5634272048197581936} {53 3 1844298203698644732} {54 3 1871722392308630676} {55 3 6386755396893235085} {56 3 4135209170379057594} {57 3 8673496702355375636} {58 3 3049522396974174944} {59 3 5655708270232949606}]
util.go:27: leader:0 更新被提交的最高日志条目的索引为:52
util.go:27: leader:0 日志:[{40 2 3958843995994586463} {41 2 1452034694077026318} {42 2 4660031244392889060} {43 2 4559387488523802722} {44 3 8417064201482908139} {45 3 8910563482419145640} {46 3 6425351011098512005} {47 3 9217921659489036491} {48 3 2077192473641069361} {49 3 2417342222826453871} {50 3 2871635543369480504} {51 3 3898723348882190275} {52 3 5634272048197581936} {53 3 1844298203698644732} {54 3 1871722392308630676} {55 3 6386755396893235085} {56 3 4135209170379057594} {57 3 8673496702355375636} {58 3 3049522396974174944} {59 3 5655708270232949606}]
util.go:27: leader:0 更新被提交的最高日志条目的索引为:53
util.go:27: leader:0 日志:[{40 2 3958843995994586463} {41 2 1452034694077026318} {42 2 4660031244392889060} {43 2 4559387488523802722} {44 3 8417064201482908139} {45 3 8910563482419145640} {46 3 6425351011098512005} {47 3 9217921659489036491} {48 3 2077192473641069361} {49 3 2417342222826453871} {50 3 2871635543369480504} {51 3 3898723348882190275} {52 3 5634272048197581936} {53 3 1844298203698644732} {54 3 1871722392308630676} {55 3 6386755396893235085} {56 3 4135209170379057594} {57 3 8673496702355375636} {58 3 3049522396974174944} {59 3 5655708270232949606}]
util.go:27: leader:0 更新被提交的最高日志条目的索引为:54
util.go:27: leader:0 日志:[{40 2 3958843995994586463} {41 2 1452034694077026318} {42 2 4660031244392889060} {43 2 4559387488523802722} {44 3 8417064201482908139} {45 3 8910563482419145640} {46 3 6425351011098512005} {47 3 9217921659489036491} {48 3 2077192473641069361} {49 3 2417342222826453871} {50 3 2871635543369480504} {51 3 3898723348882190275} {52 3 5634272048197581936} {53 3 1844298203698644732} {54 3 1871722392308630676} {55 3 6386755396893235085} {56 3 4135209170379057594} {57 3 8673496702355375636} {58 3 3049522396974174944} {59 3 5655708270232949606}]
util.go:27: leader:0 更新被提交的最高日志条目的索引为:55
util.go:27: leader:0 日志:[{40 2 3958843995994586463} {41 2 1452034694077026318} {42 2 4660031244392889060} {43 2 4559387488523802722} {44 3 8417064201482908139} {45 3 8910563482419145640} {46 3 6425351011098512005} {47 3 9217921659489036491} {48 3 2077192473641069361} {49 3 2417342222826453871} {50 3 2871635543369480504} {51 3 3898723348882190275} {52 3 5634272048197581936} {53 3 1844298203698644732} {54 3 1871722392308630676} {55 3 6386755396893235085} {56 3 4135209170379057594} {57 3 8673496702355375636} {58 3 3049522396974174944} {59 3 5655708270232949606}]
util.go:27: leader:0 更新被提交的最高日志条目的索引为:56
util.go:27: leader:0 日志:[{40 2 3958843995994586463} {41 2 1452034694077026318} {42 2 4660031244392889060} {43 2 4559387488523802722} {44 3 8417064201482908139} {45 3 8910563482419145640} {46 3 6425351011098512005} {47 3 9217921659489036491} {48 3 2077192473641069361} {49 3 2417342222826453871} {50 3 2871635543369480504} {51 3 3898723348882190275} {52 3 5634272048197581936} {53 3 1844298203698644732} {54 3 1871722392308630676} {55 3 6386755396893235085} {56 3 4135209170379057594} {57 3 8673496702355375636} {58 3 3049522396974174944} {59 3 5655708270232949606}]
util.go:27: leader:0 更新被提交的最高日志条目的索引为:57
util.go:27: leader:0 日志:[{40 2 3958843995994586463} {41 2 1452034694077026318} {42 2 4660031244392889060} {43 2 4559387488523802722} {44 3 8417064201482908139} {45 3 8910563482419145640} {46 3 6425351011098512005} {47 3 9217921659489036491} {48 3 2077192473641069361} {49 3 2417342222826453871} {50 3 2871635543369480504} {51 3 3898723348882190275} {52 3 5634272048197581936} {53 3 1844298203698644732} {54 3 1871722392308630676} {55 3 6386755396893235085} {56 3 4135209170379057594} {57 3 8673496702355375636} {58 3 3049522396974174944} {59 3 5655708270232949606}]
util.go:27: leader:0 更新被提交的最高日志条目的索引为:58
util.go:27: leader:0 日志:[{40 2 3958843995994586463} {41 2 1452034694077026318} {42 2 4660031244392889060} {43 2 4559387488523802722} {44 3 8417064201482908139} {45 3 8910563482419145640} {46 3 6425351011098512005} {47 3 9217921659489036491} {48 3 2077192473641069361} {49 3 2417342222826453871} {50 3 2871635543369480504} {51 3 3898723348882190275} {52 3 5634272048197581936} {53 3 1844298203698644732} {54 3 1871722392308630676} {55 3 6386755396893235085} {56 3 4135209170379057594} {57 3 8673496702355375636} {58 3 3049522396974174944} {59 3 5655708270232949606}]
util.go:27: leader:0 更新被提交的最高日志条目的索引为:59
util.go:27: leader:0 日志:[{40 2 3958843995994586463} {41 2 1452034694077026318} {42 2 4660031244392889060} {43 2 4559387488523802722} {44 3 8417064201482908139} {45 3 8910563482419145640} {46 3 6425351011098512005} {47 3 9217921659489036491} {48 3 2077192473641069361} {49 3 2417342222826453871} {50 3 2871635543369480504} {51 3 3898723348882190275} {52 3 5634272048197581936} {53 3 1844298203698644732} {54 3 1871722392308630676} {55 3 6386755396893235085} {56 3 4135209170379057594} {57 3 8673496702355375636} {58 3 3049522396974174944} {59 3 5655708270232949606}]
util.go:27: server:0 压缩日志，从index:49 开始, log:[{50 3 2871635543369480504} {51 3 3898723348882190275} {52 3 5634272048197581936} {53 3 1844298203698644732} {54 3 1871722392308630676} {55 3 6386755396893235085} {56 3 4135209170379057594} {57 3 8673496702355375636} {58 3 3049522396974174944} {59 3 5655708270232949606}]
util.go:27: server:0 压缩日志，从index:59 开始, log:[]
util.go:27: server:2 Reset:6
util.go:27: leader:0 follower1期望的日志的前一个日志:46已经被压缩了，直接发送快照
util.go:27: leader:0 发送心跳包到follower:2
util.go:27: follower:2 收到 0 的心跳, 本节点任期: 3, leader任期: 3
util.go:27: 持久化状态成功
util.go:27: follower:2 更新最新的提交日志索引: 59
util.go:27: follower:2 日志: [{40 2 3958843995994586463} {41 2 1452034694077026318} {42 2 4660031244392889060} {43 2 4559387488523802722} {44 3 8417064201482908139} {45 3 8910563482419145640} {46 3 6425351011098512005} {47 3 9217921659489036491} {48 3 2077192473641069361} {49 3 2417342222826453871} {50 3 2871635543369480504} {51 3 3898723348882190275} {52 3 5634272048197581936} {53 3 1844298203698644732} {54 3 1871722392308630676} {55 3 6386755396893235085} {56 3 4135209170379057594} {57 3 8673496702355375636} {58 3 3049522396974174944} {59 3 5655708270232949606}]
util.go:27: server:2 压缩日志，从index:49 开始, log:[{50 3 2871635543369480504} {51 3 3898723348882190275} {52 3 5634272048197581936} {53 3 1844298203698644732} {54 3 1871722392308630676} {55 3 6386755396893235085} {56 3 4135209170379057594} {57 3 8673496702355375636} {58 3 3049522396974174944} {59 3 5655708270232949606}]
util.go:27: server:2 压缩日志，从index:59 开始, log:[]
util.go:27: leader:0 收到新日志:60 追加请求
util.go:27: leader:0 日志:[{60 3 1183696204548683820}]
util.go:27: leader将返回该日志期望的提交位置:60，当前任期:3，和自己是leader:true
util.go:27: 持久化状态成功
util.go:27: server:1, term:3, start vote
util.go:27: 持久化状态成功
util.go:27: server:0 接收到server:1发送的投票RPC
util.go:27: server:0 接收到节点:1的投票请求，它的任期为:4，最新日志任期和索引为:3,46，任期大于当前任期，但是日志不是最新的，故拒绝投票
util.go:27: 持久化状态成功
util.go:27: server:1, term:4, commitIndex:46 发送投票RPC
util.go:27: leader:0 停止发送心跳包
util.go:27: server:2 接收到server:1发送的投票RPC
util.go:27: server:2 接收到节点:1的投票请求，它的任期为:4，最新日志任期和索引为:3,46，任期大于当前任期，但是日志不是最新的，故拒绝投票
util.go:27: 持久化状态成功
util.go:27: server:1, term:4, commitIndex:46 发送投票RPC
util.go:27: server:2 接收到server:1发送的投票RPC
util.go:27: server:2 当前任期大于等于请求RPC的任期，故返回false
util.go:27: server:0 接收到server:1发送的投票RPC
util.go:27: server:1, term:4, commitIndex:46 发送投票RPC
util.go:27: server:0 当前任期大于等于请求RPC的任期，故返回false
util.go:27: server:1, term:4, commitIndex:46 发送投票RPC
util.go:27: server:2 接收到server:1发送的投票RPC
util.go:27: server:2 当前任期大于等于请求RPC的任期，故返回false
util.go:27: server:1, term:4, commitIndex:46 发送投票RPC
util.go:27: server:0 接收到server:1发送的投票RPC
util.go:27: server:0 当前任期大于等于请求RPC的任期，故返回false
util.go:27: server:1, term:4, commitIndex:46 发送投票RPC
util.go:27: server:0, term:4, start vote
util.go:27: 持久化状态成功
util.go:27: server:2 接收到server:0发送的投票RPC
util.go:27: server:2 投票给了:0
util.go:27: 持久化状态成功
util.go:27: server:1 接收到server:0发送的投票RPC
util.go:27: server:1 投票给了:0
util.go:27: 持久化状态成功
util.go:27: server:0, term:5, commitIndex:59 发送投票RPC
util.go:27: server:0 获取到server:2的选票
util.go:27: server:0 <- 胜选 ->，任期为: 5
util.go:27: server:0 log:[{60 3 1183696204548683820}]
util.go:27: 持久化状态成功
util.go:27: server:0, term:5, commitIndex:59 发送投票RPC
util.go:27: server:0 获取到server:1的选票
util.go:27: leader:0 发送心跳包到follower:1
util.go:27: leader:0 发送心跳包到follower:2
util.go:27: args.PrevLogIndex, PrevLogTerm:60 3
util.go:27: follower:2 日志落后超过一个日志条目
util.go:27: follower:2 期望日志索引:59
util.go:27: follower:2 日志:[]
util.go:27: leader:0 收到follower:2 的回退日志请求，回退到:60
util.go:27: args.PrevLogIndex, PrevLogTerm:60 3
util.go:27: follower:1 日志落后超过一个日志条目
util.go:27: follower:1 期望日志索引:46
util.go:27: follower:1 日志:[{40 2 3958843995994586463} {41 2 1452034694077026318} {42 2 4660031244392889060} {43 2 4559387488523802722} {44 3 8417064201482908139} {45 3 8910563482419145640} {46 3 6425351011098512005}]
util.go:27: leader:0 收到follower:1 的回退日志请求，回退到:47
util.go:27: server:2 Reset:4
util.go:27: server:1 Reset:2
util.go:27: leader:0 follower1期望的日志的前一个日志:46已经被压缩了，直接发送快照
util.go:27: Leader:0 发现server:2, 日志落后，现在可能需要日志:60, 本身日志数量1
util.go:27: server:1 成功储存快照及状态
util.go:27: follower:2 收到日志，序号: {60 3 1183696204548683820}，日志: [{60 3 1183696204548683820}]
util.go:27: leader:0 将server1的期望日志提升到：60
util.go:27: 持久化状态成功
util.go:27: Leader:0 发现server:1, 日志落后，现在可能需要日志:60, 本身日志数量1
util.go:27: leader:0 发送心跳包到follower:2
util.go:27: follower:1 日志在prevLogIndex:59 处不包含term:5 与prevLogTerm:3 匹配的条目
util.go:27: follower:1 日志落后超过一个日志条目
util.go:27: follower:1 期望日志索引:59
util.go:27: follower:1 日志:[]
