util.go:27: server:0 成功恢复状态
util.go:27: server:1 成功恢复状态
util.go:27: server:2 成功恢复状态
util.go:27: server:3 成功恢复状态
util.go:27: server:4 成功恢复状态
util.go:27: server:2, term:0, start vote
util.go:27: 持久化状态成功
util.go:27: server:3 接收到server:2发送的投票RPC
util.go:27: server:3 投票给了:2
util.go:27: server:1 接收到server:2发送的投票RPC
util.go:27: server:1 投票给了:2
util.go:27: server:4 接收到server:2发送的投票RPC
util.go:27: server:4 投票给了:2
util.go:27: 持久化状态成功
util.go:27: 持久化状态成功
util.go:27: 持久化状态成功
util.go:27: server:0 接收到server:2发送的投票RPC
util.go:27: server:0 投票给了:2
util.go:27: server:2, term:1, commitIndex:0 发送投票RPC
util.go:27: server:2 获取到server:1的选票
util.go:27: 持久化状态成功
util.go:27: server:2, term:1, commitIndex:0 发送投票RPC
util.go:27: server:2 获取到server:4的选票
util.go:27: server:2 <- 胜选 ->，任期为: 1
util.go:27: server:2 log:[{0 0 <nil>}]
util.go:27: 持久化状态成功
util.go:27: leader:2 发送心跳包到follower:0
util.go:27: leader:2 发送心跳包到follower:1
util.go:27: leader:2 发送心跳包到follower:3
util.go:27: leader:2 发送心跳包到follower:4
util.go:27: server:2, term:1, commitIndex:0 发送投票RPC
util.go:27: server:2 获取到server:3的选票
util.go:27: server:2, term:1, commitIndex:0 发送投票RPC
util.go:27: server:2 获取到server:0的选票
util.go:27: follower:3 收到 2 的心跳, 本节点任期: 1, leader任期: 1
util.go:27: follower:0 收到 2 的心跳, 本节点任期: 1, leader任期: 1
util.go:27: follower:1 收到 2 的心跳, 本节点任期: 1, leader任期: 1
util.go:27: follower:4 收到 2 的心跳, 本节点任期: 1, leader任期: 1
util.go:27: leader:2 收到新日志:1 追加请求
util.go:27: leader:2 日志:[{0 0 <nil>} {1 1 {1 213656039461905079 0  Put}}]
util.go:27: leader将返回该日志期望的提交位置:1，当前任期:1，和自己是leader:true
util.go:27: 持久化状态成功
util.go:27: server:4 Reset:3
util.go:27: server:0 Reset:3
util.go:27: server:1 Reset:3
util.go:27: Leader:2 发现server:0, 日志落后，现在可能需要日志:1, 本身日志数量2
util.go:27: Leader:2 发现server:1, 日志落后，现在可能需要日志:1, 本身日志数量2
util.go:27: Leader:2 发现server:3, 日志落后，现在可能需要日志:1, 本身日志数量2
util.go:27: Leader:2 发现server:4, 日志落后，现在可能需要日志:1, 本身日志数量2
util.go:27: follower:4 收到日志，序号: {1 1 {1 213656039461905079 %!d(string=0) %!d(string=) %!d(string=Put)}}，日志: [{0 0 <nil>} {1 1 {1 213656039461905079 0  Put}}]
util.go:27: follower:3 收到日志，序号: {1 1 {1 213656039461905079 %!d(string=0) %!d(string=) %!d(string=Put)}}，日志: [{0 0 <nil>} {1 1 {1 213656039461905079 0  Put}}]
util.go:27: follower:0 收到日志，序号: {1 1 {1 213656039461905079 %!d(string=0) %!d(string=) %!d(string=Put)}}，日志: [{0 0 <nil>} {1 1 {1 213656039461905079 0  Put}}]
util.go:27: follower:1 收到日志，序号: {1 1 {1 213656039461905079 %!d(string=0) %!d(string=) %!d(string=Put)}}，日志: [{0 0 <nil>} {1 1 {1 213656039461905079 0  Put}}]
util.go:27: 持久化状态成功
util.go:27: 持久化状态成功
util.go:27: 持久化状态成功
util.go:27: 持久化状态成功
util.go:27: leader:2 更新被提交的最高日志条目的索引为:1
util.go:27: leader:2 日志:[{0 0 <nil>} {1 1 {1 213656039461905079 0  Put}}]
util.go:27: server:2 applyMsg: Command:{1 213656039461905079 0  Put},CommandIndex:1
util.go:27: leader:2 收到新日志:2 追加请求
util.go:27: leader:2 日志:[{0 0 <nil>} {1 1 {1 213656039461905079 0  Put}} {2 1 {2 213656039461905079 0  Get}}]
util.go:27: leader将返回该日志期望的提交位置:2，当前任期:1，和自己是leader:true
util.go:27: 持久化状态成功
util.go:27: server:3 Reset:5
util.go:27: Leader:2 发现server:0, 日志落后，现在可能需要日志:2, 本身日志数量3
util.go:27: Leader:2 发现server:1, 日志落后，现在可能需要日志:2, 本身日志数量3
util.go:27: Leader:2 发现server:3, 日志落后，现在可能需要日志:2, 本身日志数量3
util.go:27: Leader:2 发现server:4, 日志落后，现在可能需要日志:2, 本身日志数量3
util.go:27: follower:3 收到日志，序号: {2 1 {2 213656039461905079 %!d(string=0) %!d(string=) %!d(string=Get)}}，日志: [{0 0 <nil>} {1 1 {1 213656039461905079 0  Put}} {2 1 {2 213656039461905079 0  Get}}]
util.go:27: follower:0 收到日志，序号: {2 1 {2 213656039461905079 %!d(string=0) %!d(string=) %!d(string=Get)}}，日志: [{0 0 <nil>} {1 1 {1 213656039461905079 0  Put}} {2 1 {2 213656039461905079 0  Get}}]
util.go:27: follower:1 收到日志，序号: {2 1 {2 213656039461905079 %!d(string=0) %!d(string=) %!d(string=Get)}}，日志: [{0 0 <nil>} {1 1 {1 213656039461905079 0  Put}} {2 1 {2 213656039461905079 0  Get}}]
util.go:27: follower:4 收到日志，序号: {2 1 {2 213656039461905079 %!d(string=0) %!d(string=) %!d(string=Get)}}，日志: [{0 0 <nil>} {1 1 {1 213656039461905079 0  Put}} {2 1 {2 213656039461905079 0  Get}}]
util.go:27: 持久化状态成功
util.go:27: follower:3 更新最新的提交日志索引: 1
util.go:27: 持久化状态成功
util.go:27: follower:0 更新最新的提交日志索引: 1
util.go:27: follower:3 日志: [{0 0 <nil>} {1 1 {1 213656039461905079 0  Put}} {2 1 {2 213656039461905079 0  Get}}]
util.go:27: 持久化状态成功
util.go:27: follower:0 日志: [{0 0 <nil>} {1 1 {1 213656039461905079 0  Put}} {2 1 {2 213656039461905079 0  Get}}]
util.go:27: follower:1 更新最新的提交日志索引: 1
util.go:27: 持久化状态成功
util.go:27: follower:4 更新最新的提交日志索引: 1
util.go:27: follower:1 日志: [{0 0 <nil>} {1 1 {1 213656039461905079 0  Put}} {2 1 {2 213656039461905079 0  Get}}]
util.go:27: follower:4 日志: [{0 0 <nil>} {1 1 {1 213656039461905079 0  Put}} {2 1 {2 213656039461905079 0  Get}}]
util.go:27: server:3 applyMsg: Command:{1 213656039461905079 0  Put},CommandIndex:1
util.go:27: server:0 applyMsg: Command:{1 213656039461905079 0  Put},CommandIndex:1
util.go:27: server:4 applyMsg: Command:{1 213656039461905079 0  Put},CommandIndex:1
util.go:27: server:1 applyMsg: Command:{1 213656039461905079 0  Put},CommandIndex:1
util.go:27: leader:2 更新被提交的最高日志条目的索引为:2
util.go:27: leader:2 日志:[{0 0 <nil>} {1 1 {1 213656039461905079 0  Put}} {2 1 {2 213656039461905079 0  Get}}]
util.go:27: server:2 applyMsg: Command:{2 213656039461905079 0  Get},CommandIndex:2
util.go:27: leader:2 收到新日志:3 追加请求
util.go:27: leader:2 日志:[{0 0 <nil>} {1 1 {1 213656039461905079 0  Put}} {2 1 {2 213656039461905079 0  Get}} {3 1 {3 213656039461905079 0 x 0 0 y Append}}]
util.go:27: leader将返回该日志期望的提交位置:3，当前任期:1，和自己是leader:true
util.go:27: 持久化状态成功
util.go:27: Leader:2 发现server:0, 日志落后，现在可能需要日志:3, 本身日志数量4
util.go:27: Leader:2 发现server:1, 日志落后，现在可能需要日志:3, 本身日志数量4
util.go:27: Leader:2 发现server:3, 日志落后，现在可能需要日志:3, 本身日志数量4
util.go:27: Leader:2 发现server:4, 日志落后，现在可能需要日志:3, 本身日志数量4
util.go:27: follower:4 收到日志，序号: {3 1 {3 213656039461905079 %!d(string=0) %!d(string=x 0 0 y) %!d(string=Append)}}，日志: [{0 0 <nil>} {1 1 {1 213656039461905079 0  Put}} {2 1 {2 213656039461905079 0  Get}} {3 1 {3 213656039461905079 0 x 0 0 y Append}}]
util.go:27: follower:3 收到日志，序号: {3 1 {3 213656039461905079 %!d(string=0) %!d(string=x 0 0 y) %!d(string=Append)}}，日志: [{0 0 <nil>} {1 1 {1 213656039461905079 0  Put}} {2 1 {2 213656039461905079 0  Get}} {3 1 {3 213656039461905079 0 x 0 0 y Append}}]
util.go:27: follower:1 收到日志，序号: {3 1 {3 213656039461905079 %!d(string=0) %!d(string=x 0 0 y) %!d(string=Append)}}，日志: [{0 0 <nil>} {1 1 {1 213656039461905079 0  Put}} {2 1 {2 213656039461905079 0  Get}} {3 1 {3 213656039461905079 0 x 0 0 y Append}}]
util.go:27: follower:0 收到日志，序号: {3 1 {3 213656039461905079 %!d(string=0) %!d(string=x 0 0 y) %!d(string=Append)}}，日志: [{0 0 <nil>} {1 1 {1 213656039461905079 0  Put}} {2 1 {2 213656039461905079 0  Get}} {3 1 {3 213656039461905079 0 x 0 0 y Append}}]
util.go:27: 持久化状态成功
util.go:27: 持久化状态成功
util.go:27: follower:4 更新最新的提交日志索引: 2
util.go:27: follower:3 更新最新的提交日志索引: 2
util.go:27: follower:4 日志: [{0 0 <nil>} {1 1 {1 213656039461905079 0  Put}} {2 1 {2 213656039461905079 0  Get}} {3 1 {3 213656039461905079 0 x 0 0 y Append}}]
util.go:27: follower:3 日志: [{0 0 <nil>} {1 1 {1 213656039461905079 0  Put}} {2 1 {2 213656039461905079 0  Get}} {3 1 {3 213656039461905079 0 x 0 0 y Append}}]
util.go:27: server:4 applyMsg: Command:{2 213656039461905079 0  Get},CommandIndex:2
util.go:27: 持久化状态成功
util.go:27: 持久化状态成功
util.go:27: server:3 applyMsg: Command:{2 213656039461905079 0  Get},CommandIndex:2
util.go:27: follower:0 更新最新的提交日志索引: 2
util.go:27: follower:0 日志: [{0 0 <nil>} {1 1 {1 213656039461905079 0  Put}} {2 1 {2 213656039461905079 0  Get}} {3 1 {3 213656039461905079 0 x 0 0 y Append}}]
util.go:27: follower:1 更新最新的提交日志索引: 2
util.go:27: leader:2 更新被提交的最高日志条目的索引为:3
util.go:27: follower:1 日志: [{0 0 <nil>} {1 1 {1 213656039461905079 0  Put}} {2 1 {2 213656039461905079 0  Get}} {3 1 {3 213656039461905079 0 x 0 0 y Append}}]
util.go:27: server:0 applyMsg: Command:{2 213656039461905079 0  Get},CommandIndex:2
util.go:27: leader:2 日志:[{0 0 <nil>} {1 1 {1 213656039461905079 0  Put}} {2 1 {2 213656039461905079 0  Get}} {3 1 {3 213656039461905079 0 x 0 0 y Append}}]
util.go:27: server:2 applyMsg: Command:{3 213656039461905079 0 x 0 0 y Append},CommandIndex:3
util.go:27: server:1 applyMsg: Command:{2 213656039461905079 0  Get},CommandIndex:2
util.go:27: leader:2 收到新日志:4 追加请求
util.go:27: leader:2 日志:[{0 0 <nil>} {1 1 {1 213656039461905079 0  Put}} {2 1 {2 213656039461905079 0  Get}} {3 1 {3 213656039461905079 0 x 0 0 y Append}} {4 1 {4 213656039461905079 0 x 0 1 y Append}}]
util.go:27: leader将返回该日志期望的提交位置:4，当前任期:1，和自己是leader:true
util.go:27: 持久化状态成功
util.go:27: Leader:2 发现server:0, 日志落后，现在可能需要日志:4, 本身日志数量5
util.go:27: Leader:2 发现server:1, 日志落后，现在可能需要日志:4, 本身日志数量5
util.go:27: Leader:2 发现server:3, 日志落后，现在可能需要日志:4, 本身日志数量5
util.go:27: Leader:2 发现server:4, 日志落后，现在可能需要日志:4, 本身日志数量5
util.go:27: follower:4 收到日志，序号: {4 1 {4 213656039461905079 %!d(string=0) %!d(string=x 0 1 y) %!d(string=Append)}}，日志: [{0 0 <nil>} {1 1 {1 213656039461905079 0  Put}} {2 1 {2 213656039461905079 0  Get}} {3 1 {3 213656039461905079 0 x 0 0 y Append}} {4 1 {4 213656039461905079 0 x 0 1 y Append}}]
util.go:27: follower:3 收到日志，序号: {4 1 {4 213656039461905079 %!d(string=0) %!d(string=x 0 1 y) %!d(string=Append)}}，日志: [{0 0 <nil>} {1 1 {1 213656039461905079 0  Put}} {2 1 {2 213656039461905079 0  Get}} {3 1 {3 213656039461905079 0 x 0 0 y Append}} {4 1 {4 213656039461905079 0 x 0 1 y Append}}]
util.go:27: follower:0 收到日志，序号: {4 1 {4 213656039461905079 %!d(string=0) %!d(string=x 0 1 y) %!d(string=Append)}}，日志: [{0 0 <nil>} {1 1 {1 213656039461905079 0  Put}} {2 1 {2 213656039461905079 0  Get}} {3 1 {3 213656039461905079 0 x 0 0 y Append}} {4 1 {4 213656039461905079 0 x 0 1 y Append}}]
util.go:27: 持久化状态成功
util.go:27: follower:4 更新最新的提交日志索引: 3
util.go:27: follower:1 收到日志，序号: {4 1 {4 213656039461905079 %!d(string=0) %!d(string=x 0 1 y) %!d(string=Append)}}，日志: [{0 0 <nil>} {1 1 {1 213656039461905079 0  Put}} {2 1 {2 213656039461905079 0  Get}} {3 1 {3 213656039461905079 0 x 0 0 y Append}} {4 1 {4 213656039461905079 0 x 0 1 y Append}}]
util.go:27: follower:4 日志: [{0 0 <nil>} {1 1 {1 213656039461905079 0  Put}} {2 1 {2 213656039461905079 0  Get}} {3 1 {3 213656039461905079 0 x 0 0 y Append}} {4 1 {4 213656039461905079 0 x 0 1 y Append}}]
util.go:27: 持久化状态成功
util.go:27: follower:0 更新最新的提交日志索引: 3
util.go:27: server:4 applyMsg: Command:{3 213656039461905079 0 x 0 0 y Append},CommandIndex:3
util.go:27: 持久化状态成功
util.go:27: follower:1 更新最新的提交日志索引: 3
util.go:27: follower:0 日志: [{0 0 <nil>} {1 1 {1 213656039461905079 0  Put}} {2 1 {2 213656039461905079 0  Get}} {3 1 {3 213656039461905079 0 x 0 0 y Append}} {4 1 {4 213656039461905079 0 x 0 1 y Append}}]
util.go:27: follower:1 日志: [{0 0 <nil>} {1 1 {1 213656039461905079 0  Put}} {2 1 {2 213656039461905079 0  Get}} {3 1 {3 213656039461905079 0 x 0 0 y Append}} {4 1 {4 213656039461905079 0 x 0 1 y Append}}]
util.go:27: server:0 applyMsg: Command:{3 213656039461905079 0 x 0 0 y Append},CommandIndex:3
util.go:27: server:1 applyMsg: Command:{3 213656039461905079 0 x 0 0 y Append},CommandIndex:3
util.go:27: leader:2 更新被提交的最高日志条目的索引为:4
util.go:27: leader:2 日志:[{0 0 <nil>} {1 1 {1 213656039461905079 0  Put}} {2 1 {2 213656039461905079 0  Get}} {3 1 {3 213656039461905079 0 x 0 0 y Append}} {4 1 {4 213656039461905079 0 x 0 1 y Append}}]
util.go:27: server:2 applyMsg: Command:{4 213656039461905079 0 x 0 1 y Append},CommandIndex:4
util.go:27: 持久化状态成功
util.go:27: follower:3 更新最新的提交日志索引: 3
util.go:27: follower:3 日志: [{0 0 <nil>} {1 1 {1 213656039461905079 0  Put}} {2 1 {2 213656039461905079 0  Get}} {3 1 {3 213656039461905079 0 x 0 0 y Append}} {4 1 {4 213656039461905079 0 x 0 1 y Append}}]
util.go:27: server:3 applyMsg: Command:{3 213656039461905079 0 x 0 0 y Append},CommandIndex:3
util.go:27: leader:2 收到新日志:5 追加请求
util.go:27: leader:2 日志:[{0 0 <nil>} {1 1 {1 213656039461905079 0  Put}} {2 1 {2 213656039461905079 0  Get}} {3 1 {3 213656039461905079 0 x 0 0 y Append}} {4 1 {4 213656039461905079 0 x 0 1 y Append}} {5 1 {5 213656039461905079 0  Get}}]
util.go:27: leader将返回该日志期望的提交位置:5，当前任期:1，和自己是leader:true
util.go:27: 持久化状态成功
util.go:27: server:4 Reset:8
util.go:27: server:0 Reset:8
util.go:27: server:3 Reset:6
util.go:27: Leader:2 发现server:0, 日志落后，现在可能需要日志:5, 本身日志数量6
util.go:27: Leader:2 发现server:1, 日志落后，现在可能需要日志:5, 本身日志数量6
util.go:27: Leader:2 发现server:3, 日志落后，现在可能需要日志:5, 本身日志数量6
util.go:27: Leader:2 发现server:4, 日志落后，现在可能需要日志:5, 本身日志数量6
util.go:27: follower:4 收到日志，序号: {5 1 {5 213656039461905079 %!d(string=0) %!d(string=) %!d(string=Get)}}，日志: [{0 0 <nil>} {1 1 {1 213656039461905079 0  Put}} {2 1 {2 213656039461905079 0  Get}} {3 1 {3 213656039461905079 0 x 0 0 y Append}} {4 1 {4 213656039461905079 0 x 0 1 y Append}} {5 1 {5 213656039461905079 0  Get}}]
util.go:27: follower:1 收到日志，序号: {5 1 {5 213656039461905079 %!d(string=0) %!d(string=) %!d(string=Get)}}，日志: [{0 0 <nil>} {1 1 {1 213656039461905079 0  Put}} {2 1 {2 213656039461905079 0  Get}} {3 1 {3 213656039461905079 0 x 0 0 y Append}} {4 1 {4 213656039461905079 0 x 0 1 y Append}} {5 1 {5 213656039461905079 0  Get}}]
util.go:27: follower:3 收到日志，序号: {5 1 {5 213656039461905079 %!d(string=0) %!d(string=) %!d(string=Get)}}，日志: [{0 0 <nil>} {1 1 {1 213656039461905079 0  Put}} {2 1 {2 213656039461905079 0  Get}} {3 1 {3 213656039461905079 0 x 0 0 y Append}} {4 1 {4 213656039461905079 0 x 0 1 y Append}} {5 1 {5 213656039461905079 0  Get}}]
util.go:27: 持久化状态成功
util.go:27: follower:1 更新最新的提交日志索引: 4
util.go:27: 持久化状态成功
util.go:27: 持久化状态成功
util.go:27: follower:3 更新最新的提交日志索引: 4
util.go:27: follower:4 更新最新的提交日志索引: 4
util.go:27: follower:0 收到日志，序号: {5 1 {5 213656039461905079 %!d(string=0) %!d(string=) %!d(string=Get)}}，日志: [{0 0 <nil>} {1 1 {1 213656039461905079 0  Put}} {2 1 {2 213656039461905079 0  Get}} {3 1 {3 213656039461905079 0 x 0 0 y Append}} {4 1 {4 213656039461905079 0 x 0 1 y Append}} {5 1 {5 213656039461905079 0  Get}}]
util.go:27: follower:4 日志: [{0 0 <nil>} {1 1 {1 213656039461905079 0  Put}} {2 1 {2 213656039461905079 0  Get}} {3 1 {3 213656039461905079 0 x 0 0 y Append}} {4 1 {4 213656039461905079 0 x 0 1 y Append}} {5 1 {5 213656039461905079 0  Get}}]
util.go:27: follower:3 日志: [{0 0 <nil>} {1 1 {1 213656039461905079 0  Put}} {2 1 {2 213656039461905079 0  Get}} {3 1 {3 213656039461905079 0 x 0 0 y Append}} {4 1 {4 213656039461905079 0 x 0 1 y Append}} {5 1 {5 213656039461905079 0  Get}}]
util.go:27: server:4 applyMsg: Command:{4 213656039461905079 0 x 0 1 y Append},CommandIndex:4
util.go:27: follower:1 日志: [{0 0 <nil>} {1 1 {1 213656039461905079 0  Put}} {2 1 {2 213656039461905079 0  Get}} {3 1 {3 213656039461905079 0 x 0 0 y Append}} {4 1 {4 213656039461905079 0 x 0 1 y Append}} {5 1 {5 213656039461905079 0  Get}}]
util.go:27: leader:2 更新被提交的最高日志条目的索引为:5
util.go:27: 持久化状态成功
util.go:27: follower:0 更新最新的提交日志索引: 4
util.go:27: follower:0 日志: [{0 0 <nil>} {1 1 {1 213656039461905079 0  Put}} {2 1 {2 213656039461905079 0  Get}} {3 1 {3 213656039461905079 0 x 0 0 y Append}} {4 1 {4 213656039461905079 0 x 0 1 y Append}} {5 1 {5 213656039461905079 0  Get}}]
util.go:27: server:1 applyMsg: Command:{4 213656039461905079 0 x 0 1 y Append},CommandIndex:4
util.go:27: server:3 applyMsg: Command:{4 213656039461905079 0 x 0 1 y Append},CommandIndex:4
util.go:27: leader:2 日志:[{0 0 <nil>} {1 1 {1 213656039461905079 0  Put}} {2 1 {2 213656039461905079 0  Get}} {3 1 {3 213656039461905079 0 x 0 0 y Append}} {4 1 {4 213656039461905079 0 x 0 1 y Append}} {5 1 {5 213656039461905079 0  Get}}]
util.go:27: server:0 applyMsg: Command:{4 213656039461905079 0 x 0 1 y Append},CommandIndex:4
util.go:27: server:2 applyMsg: Command:{5 213656039461905079 0  Get},CommandIndex:5
util.go:27: server:1 Reset:10
util.go:27: leader:2 发送心跳包到follower:0
util.go:27: leader:2 发送心跳包到follower:1
util.go:27: leader:2 发送心跳包到follower:3
util.go:27: leader:2 发送心跳包到follower:4
util.go:27: follower:4 收到 2 的心跳, 本节点任期: 1, leader任期: 1
util.go:27: follower:4 更新最新的提交日志索引: 5
util.go:27: follower:3 收到 2 的心跳, 本节点任期: 1, leader任期: 1
util.go:27: follower:4 日志: [{0 0 <nil>} {1 1 {1 213656039461905079 0  Put}} {2 1 {2 213656039461905079 0  Get}} {3 1 {3 213656039461905079 0 x 0 0 y Append}} {4 1 {4 213656039461905079 0 x 0 1 y Append}} {5 1 {5 213656039461905079 0  Get}}]
util.go:27: follower:3 更新最新的提交日志索引: 5
util.go:27: follower:1 收到 2 的心跳, 本节点任期: 1, leader任期: 1
util.go:27: follower:1 更新最新的提交日志索引: 5
util.go:27: server:4 applyMsg: Command:{5 213656039461905079 0  Get},CommandIndex:5
util.go:27: follower:1 日志: [{0 0 <nil>} {1 1 {1 213656039461905079 0  Put}} {2 1 {2 213656039461905079 0  Get}} {3 1 {3 213656039461905079 0 x 0 0 y Append}} {4 1 {4 213656039461905079 0 x 0 1 y Append}} {5 1 {5 213656039461905079 0  Get}}]
util.go:27: follower:3 日志: [{0 0 <nil>} {1 1 {1 213656039461905079 0  Put}} {2 1 {2 213656039461905079 0  Get}} {3 1 {3 213656039461905079 0 x 0 0 y Append}} {4 1 {4 213656039461905079 0 x 0 1 y Append}} {5 1 {5 213656039461905079 0  Get}}]
util.go:27: follower:0 收到 2 的心跳, 本节点任期: 1, leader任期: 1
util.go:27: follower:0 更新最新的提交日志索引: 5
util.go:27: server:1 applyMsg: Command:{5 213656039461905079 0  Get},CommandIndex:5
util.go:27: follower:0 日志: [{0 0 <nil>} {1 1 {1 213656039461905079 0  Put}} {2 1 {2 213656039461905079 0  Get}} {3 1 {3 213656039461905079 0 x 0 0 y Append}} {4 1 {4 213656039461905079 0 x 0 1 y Append}} {5 1 {5 213656039461905079 0  Get}}]
util.go:27: server:3 applyMsg: Command:{5 213656039461905079 0  Get},CommandIndex:5
util.go:27: server:0 applyMsg: Command:{5 213656039461905079 0  Get},CommandIndex:5
util.go:27: leader:2 发送心跳包到follower:0
util.go:27: leader:2 发送心跳包到follower:1
util.go:27: leader:2 发送心跳包到follower:3
util.go:27: leader:2 发送心跳包到follower:4
util.go:27: follower:4 收到 2 的心跳, 本节点任期: 1, leader任期: 1
util.go:27: follower:0 收到 2 的心跳, 本节点任期: 1, leader任期: 1
util.go:27: follower:1 收到 2 的心跳, 本节点任期: 1, leader任期: 1
util.go:27: follower:3 收到 2 的心跳, 本节点任期: 1, leader任期: 1
util.go:27: server:4 Reset:6
util.go:27: leader:2 发送心跳包到follower:0
util.go:27: leader:2 发送心跳包到follower:1
util.go:27: leader:2 发送心跳包到follower:3
util.go:27: leader:2 发送心跳包到follower:4
util.go:27: follower:0 收到 2 的心跳, 本节点任期: 1, leader任期: 1
util.go:27: follower:3 收到 2 的心跳, 本节点任期: 1, leader任期: 1
util.go:27: follower:4 收到 2 的心跳, 本节点任期: 1, leader任期: 1
util.go:27: follower:1 收到 2 的心跳, 本节点任期: 1, leader任期: 1
util.go:27: server:3 Reset:8
util.go:27: server:0 Reset:8
util.go:27: leader:2 发送心跳包到follower:0
util.go:27: leader:2 发送心跳包到follower:1
util.go:27: leader:2 发送心跳包到follower:3
util.go:27: leader:2 发送心跳包到follower:4
util.go:27: follower:3 收到 2 的心跳, 本节点任期: 1, leader任期: 1
util.go:27: follower:4 收到 2 的心跳, 本节点任期: 1, leader任期: 1
util.go:27: follower:1 收到 2 的心跳, 本节点任期: 1, leader任期: 1
util.go:27: follower:0 收到 2 的心跳, 本节点任期: 1, leader任期: 1
util.go:27: server:1 Reset:8
util.go:27: leader:2 发送心跳包到follower:0
util.go:27: leader:2 发送心跳包到follower:1
util.go:27: leader:2 发送心跳包到follower:3
util.go:27: leader:2 发送心跳包到follower:4
util.go:27: follower:0 收到 2 的心跳, 本节点任期: 1, leader任期: 1
util.go:27: follower:4 收到 2 的心跳, 本节点任期: 1, leader任期: 1
util.go:27: follower:1 收到 2 的心跳, 本节点任期: 1, leader任期: 1
util.go:27: follower:3 收到 2 的心跳, 本节点任期: 1, leader任期: 1
util.go:27: leader:2 发送心跳包到follower:0
util.go:27: leader:2 发送心跳包到follower:1
util.go:27: leader:2 发送心跳包到follower:3
util.go:27: leader:2 发送心跳包到follower:4
util.go:27: follower:4 收到 2 的心跳, 本节点任期: 1, leader任期: 1
util.go:27: follower:1 收到 2 的心跳, 本节点任期: 1, leader任期: 1
util.go:27: follower:0 收到 2 的心跳, 本节点任期: 1, leader任期: 1
util.go:27: follower:3 收到 2 的心跳, 本节点任期: 1, leader任期: 1
util.go:27: server:3 Reset:6
util.go:27: server:4 Reset:8
util.go:27: leader:2 发送心跳包到follower:0
util.go:27: leader:2 发送心跳包到follower:1
util.go:27: leader:2 发送心跳包到follower:3
util.go:27: leader:2 发送心跳包到follower:4
util.go:27: follower:3 收到 2 的心跳, 本节点任期: 1, leader任期: 1
util.go:27: follower:1 收到 2 的心跳, 本节点任期: 1, leader任期: 1
util.go:27: follower:0 收到 2 的心跳, 本节点任期: 1, leader任期: 1
util.go:27: follower:4 收到 2 的心跳, 本节点任期: 1, leader任期: 1
util.go:27: server:0 Reset:8
util.go:27: leader:2 发送心跳包到follower:0
util.go:27: leader:2 发送心跳包到follower:1
util.go:27: leader:2 发送心跳包到follower:3
util.go:27: leader:2 发送心跳包到follower:4
util.go:27: follower:3 收到 2 的心跳, 本节点任期: 1, leader任期: 1
util.go:27: follower:1 收到 2 的心跳, 本节点任期: 1, leader任期: 1
util.go:27: follower:0 收到 2 的心跳, 本节点任期: 1, leader任期: 1
util.go:27: follower:4 收到 2 的心跳, 本节点任期: 1, leader任期: 1
util.go:27: leader:2 发送心跳包到follower:0
util.go:27: leader:2 发送心跳包到follower:1
util.go:27: leader:2 发送心跳包到follower:3
util.go:27: leader:2 发送心跳包到follower:4
util.go:27: follower:0 收到 2 的心跳, 本节点任期: 1, leader任期: 1
util.go:27: follower:1 收到 2 的心跳, 本节点任期: 1, leader任期: 1
util.go:27: follower:4 收到 2 的心跳, 本节点任期: 1, leader任期: 1
util.go:27: follower:3 收到 2 的心跳, 本节点任期: 1, leader任期: 1
util.go:27: server:1 Reset:10
util.go:27: leader:2 发送心跳包到follower:0
util.go:27: leader:2 发送心跳包到follower:1
util.go:27: leader:2 发送心跳包到follower:3
util.go:27: leader:2 发送心跳包到follower:4
util.go:27: follower:4 收到 2 的心跳, 本节点任期: 1, leader任期: 1
util.go:27: follower:3 收到 2 的心跳, 本节点任期: 1, leader任期: 1
util.go:27: follower:1 收到 2 的心跳, 本节点任期: 1, leader任期: 1
util.go:27: follower:0 收到 2 的心跳, 本节点任期: 1, leader任期: 1
util.go:27: server:3 Reset:8
util.go:27: leader:2 发送心跳包到follower:0
util.go:27: leader:2 发送心跳包到follower:1
util.go:27: leader:2 发送心跳包到follower:3
util.go:27: leader:2 发送心跳包到follower:4
util.go:27: follower:0 收到 2 的心跳, 本节点任期: 1, leader任期: 1
util.go:27: follower:3 收到 2 的心跳, 本节点任期: 1, leader任期: 1
util.go:27: follower:4 收到 2 的心跳, 本节点任期: 1, leader任期: 1
util.go:27: follower:1 收到 2 的心跳, 本节点任期: 1, leader任期: 1
util.go:27: server:4 Reset:10
util.go:27: server:0 Reset:8
util.go:27: leader:2 发送心跳包到follower:0
util.go:27: leader:2 发送心跳包到follower:1
util.go:27: leader:2 发送心跳包到follower:3
util.go:27: leader:2 发送心跳包到follower:4
util.go:27: follower:1 收到 2 的心跳, 本节点任期: 1, leader任期: 1
util.go:27: follower:3 收到 2 的心跳, 本节点任期: 1, leader任期: 1
util.go:27: follower:0 收到 2 的心跳, 本节点任期: 1, leader任期: 1
util.go:27: follower:4 收到 2 的心跳, 本节点任期: 1, leader任期: 1
util.go:27: server:1 Reset:6
util.go:27: leader:2 发送心跳包到follower:0
util.go:27: leader:2 发送心跳包到follower:1
util.go:27: leader:2 发送心跳包到follower:3
util.go:27: leader:2 发送心跳包到follower:4
util.go:27: follower:4 收到 2 的心跳, 本节点任期: 1, leader任期: 1
util.go:27: follower:0 收到 2 的心跳, 本节点任期: 1, leader任期: 1
util.go:27: follower:1 收到 2 的心跳, 本节点任期: 1, leader任期: 1
util.go:27: follower:3 收到 2 的心跳, 本节点任期: 1, leader任期: 1
util.go:27: leader:2 发送心跳包到follower:0
util.go:27: leader:2 发送心跳包到follower:1
util.go:27: leader:2 发送心跳包到follower:3
util.go:27: leader:2 发送心跳包到follower:4
util.go:27: follower:0 收到 2 的心跳, 本节点任期: 1, leader任期: 1
util.go:27: follower:1 收到 2 的心跳, 本节点任期: 1, leader任期: 1
util.go:27: follower:3 收到 2 的心跳, 本节点任期: 1, leader任期: 1
util.go:27: follower:4 收到 2 的心跳, 本节点任期: 1, leader任期: 1
util.go:27: server:3 Reset:8
util.go:27: leader:2 发送心跳包到follower:0
util.go:27: leader:2 发送心跳包到follower:1
util.go:27: leader:2 发送心跳包到follower:3
util.go:27: leader:2 发送心跳包到follower:4
util.go:27: follower:3 收到 2 的心跳, 本节点任期: 1, leader任期: 1
util.go:27: follower:1 收到 2 的心跳, 本节点任期: 1, leader任期: 1
util.go:27: follower:4 收到 2 的心跳, 本节点任期: 1, leader任期: 1
util.go:27: follower:0 收到 2 的心跳, 本节点任期: 1, leader任期: 1
util.go:27: server:4 Reset:8
util.go:27: server:0 Reset:8
util.go:27: leader:2 发送心跳包到follower:0
util.go:27: leader:2 发送心跳包到follower:1
util.go:27: leader:2 发送心跳包到follower:3
util.go:27: leader:2 发送心跳包到follower:4
util.go:27: follower:1 收到 2 的心跳, 本节点任期: 1, leader任期: 1
util.go:27: follower:3 收到 2 的心跳, 本节点任期: 1, leader任期: 1
util.go:27: follower:4 收到 2 的心跳, 本节点任期: 1, leader任期: 1
util.go:27: follower:0 收到 2 的心跳, 本节点任期: 1, leader任期: 1
util.go:27: server:1 Reset:8
util.go:27: leader:2 发送心跳包到follower:0
util.go:27: leader:2 发送心跳包到follower:1
util.go:27: leader:2 发送心跳包到follower:3
util.go:27: leader:2 发送心跳包到follower:4
util.go:27: follower:0 收到 2 的心跳, 本节点任期: 1, leader任期: 1
util.go:27: follower:3 收到 2 的心跳, 本节点任期: 1, leader任期: 1
util.go:27: follower:4 收到 2 的心跳, 本节点任期: 1, leader任期: 1
util.go:27: follower:1 收到 2 的心跳, 本节点任期: 1, leader任期: 1
util.go:27: server:3 Reset:6
util.go:27: leader:2 发送心跳包到follower:0
util.go:27: leader:2 发送心跳包到follower:1
util.go:27: leader:2 发送心跳包到follower:3
util.go:27: leader:2 发送心跳包到follower:4
util.go:27: follower:1 收到 2 的心跳, 本节点任期: 1, leader任期: 1
util.go:27: follower:0 收到 2 的心跳, 本节点任期: 1, leader任期: 1
util.go:27: follower:3 收到 2 的心跳, 本节点任期: 1, leader任期: 1
util.go:27: follower:4 收到 2 的心跳, 本节点任期: 1, leader任期: 1
util.go:27: server:4 Reset:6
util.go:27: server:0 Reset:6
util.go:27: leader:2 发送心跳包到follower:0
util.go:27: leader:2 发送心跳包到follower:1
util.go:27: leader:2 发送心跳包到follower:3
util.go:27: leader:2 发送心跳包到follower:4
util.go:27: follower:0 收到 2 的心跳, 本节点任期: 1, leader任期: 1
util.go:27: follower:4 收到 2 的心跳, 本节点任期: 1, leader任期: 1
util.go:27: follower:1 收到 2 的心跳, 本节点任期: 1, leader任期: 1
util.go:27: follower:3 收到 2 的心跳, 本节点任期: 1, leader任期: 1
util.go:27: server:1 Reset:6
util.go:27: leader:2 发送心跳包到follower:0
util.go:27: leader:2 发送心跳包到follower:1
util.go:27: leader:2 发送心跳包到follower:3
util.go:27: leader:2 发送心跳包到follower:4
util.go:27: follower:0 收到 2 的心跳, 本节点任期: 1, leader任期: 1
util.go:27: follower:3 收到 2 的心跳, 本节点任期: 1, leader任期: 1
util.go:27: follower:4 收到 2 的心跳, 本节点任期: 1, leader任期: 1
util.go:27: follower:1 收到 2 的心跳, 本节点任期: 1, leader任期: 1
util.go:27: leader:2 发送心跳包到follower:0
util.go:27: leader:2 发送心跳包到follower:1
util.go:27: leader:2 发送心跳包到follower:3
util.go:27: leader:2 发送心跳包到follower:4
util.go:27: follower:0 收到 2 的心跳, 本节点任期: 1, leader任期: 1
util.go:27: follower:4 收到 2 的心跳, 本节点任期: 1, leader任期: 1
util.go:27: follower:1 收到 2 的心跳, 本节点任期: 1, leader任期: 1
util.go:27: follower:3 收到 2 的心跳, 本节点任期: 1, leader任期: 1
util.go:27: server:3 Reset:8
util.go:27: server:0 Reset:6
util.go:27: leader:2 发送心跳包到follower:0
util.go:27: leader:2 发送心跳包到follower:1
util.go:27: leader:2 发送心跳包到follower:3
util.go:27: leader:2 发送心跳包到follower:4
util.go:27: follower:0 收到 2 的心跳, 本节点任期: 1, leader任期: 1
util.go:27: follower:4 收到 2 的心跳, 本节点任期: 1, leader任期: 1
util.go:27: follower:1 收到 2 的心跳, 本节点任期: 1, leader任期: 1
util.go:27: follower:3 收到 2 的心跳, 本节点任期: 1, leader任期: 1
util.go:27: server:4 Reset:8
util.go:27: leader:2 发送心跳包到follower:0
util.go:27: leader:2 发送心跳包到follower:1
util.go:27: leader:2 发送心跳包到follower:3
util.go:27: leader:2 发送心跳包到follower:4
util.go:27: follower:4 收到 2 的心跳, 本节点任期: 1, leader任期: 1
util.go:27: follower:1 收到 2 的心跳, 本节点任期: 1, leader任期: 1
util.go:27: follower:0 收到 2 的心跳, 本节点任期: 1, leader任期: 1
util.go:27: follower:3 收到 2 的心跳, 本节点任期: 1, leader任期: 1
util.go:27: server:1 Reset:8
util.go:27: leader:2 发送心跳包到follower:0
util.go:27: leader:2 发送心跳包到follower:1
util.go:27: leader:2 发送心跳包到follower:3
util.go:27: leader:2 发送心跳包到follower:4
util.go:27: follower:4 收到 2 的心跳, 本节点任期: 1, leader任期: 1
util.go:27: follower:0 收到 2 的心跳, 本节点任期: 1, leader任期: 1
util.go:27: follower:3 收到 2 的心跳, 本节点任期: 1, leader任期: 1
util.go:27: follower:1 收到 2 的心跳, 本节点任期: 1, leader任期: 1
util.go:27: server:0 Reset:6
util.go:27: leader:2 发送心跳包到follower:0
util.go:27: leader:2 发送心跳包到follower:1
util.go:27: leader:2 发送心跳包到follower:3
util.go:27: leader:2 发送心跳包到follower:4
util.go:27: follower:4 收到 2 的心跳, 本节点任期: 1, leader任期: 1
util.go:27: follower:0 收到 2 的心跳, 本节点任期: 1, leader任期: 1
util.go:27: follower:3 收到 2 的心跳, 本节点任期: 1, leader任期: 1
util.go:27: follower:1 收到 2 的心跳, 本节点任期: 1, leader任期: 1
util.go:27: server:3 Reset:8
util.go:27: leader:2 发送心跳包到follower:0
util.go:27: leader:2 发送心跳包到follower:1
util.go:27: leader:2 发送心跳包到follower:3
util.go:27: leader:2 发送心跳包到follower:4
util.go:27: follower:0 收到 2 的心跳, 本节点任期: 1, leader任期: 1
util.go:27: follower:4 收到 2 的心跳, 本节点任期: 1, leader任期: 1
util.go:27: follower:3 收到 2 的心跳, 本节点任期: 1, leader任期: 1
util.go:27: follower:1 收到 2 的心跳, 本节点任期: 1, leader任期: 1
util.go:27: server:4 Reset:8
util.go:27: leader:2 发送心跳包到follower:0
util.go:27: leader:2 发送心跳包到follower:1
util.go:27: leader:2 发送心跳包到follower:3
util.go:27: leader:2 发送心跳包到follower:4
util.go:27: follower:4 收到 2 的心跳, 本节点任期: 1, leader任期: 1
util.go:27: follower:0 收到 2 的心跳, 本节点任期: 1, leader任期: 1
util.go:27: follower:1 收到 2 的心跳, 本节点任期: 1, leader任期: 1
util.go:27: follower:3 收到 2 的心跳, 本节点任期: 1, leader任期: 1
util.go:27: server:1 Reset:8
util.go:27: leader:2 发送心跳包到follower:0
util.go:27: leader:2 发送心跳包到follower:1
util.go:27: leader:2 发送心跳包到follower:3
util.go:27: leader:2 发送心跳包到follower:4
util.go:27: follower:4 收到 2 的心跳, 本节点任期: 1, leader任期: 1
util.go:27: follower:1 收到 2 的心跳, 本节点任期: 1, leader任期: 1
util.go:27: follower:3 收到 2 的心跳, 本节点任期: 1, leader任期: 1
util.go:27: follower:0 收到 2 的心跳, 本节点任期: 1, leader任期: 1
util.go:27: server:0 Reset:8
util.go:27: leader:2 发送心跳包到follower:0
util.go:27: leader:2 发送心跳包到follower:1
util.go:27: leader:2 发送心跳包到follower:3
util.go:27: leader:2 发送心跳包到follower:4
util.go:27: follower:4 收到 2 的心跳, 本节点任期: 1, leader任期: 1
util.go:27: follower:0 收到 2 的心跳, 本节点任期: 1, leader任期: 1
util.go:27: follower:3 收到 2 的心跳, 本节点任期: 1, leader任期: 1
util.go:27: follower:1 收到 2 的心跳, 本节点任期: 1, leader任期: 1
util.go:27: server:3 Reset:8
util.go:27: leader:2 发送心跳包到follower:0
util.go:27: leader:2 发送心跳包到follower:1
util.go:27: leader:2 发送心跳包到follower:3
util.go:27: leader:2 发送心跳包到follower:4
util.go:27: follower:3 收到 2 的心跳, 本节点任期: 1, leader任期: 1
util.go:27: follower:0 收到 2 的心跳, 本节点任期: 1, leader任期: 1
util.go:27: follower:4 收到 2 的心跳, 本节点任期: 1, leader任期: 1
util.go:27: follower:1 收到 2 的心跳, 本节点任期: 1, leader任期: 1
util.go:27: server:4 Reset:8
util.go:27: server:1 Reset:6
util.go:27: leader:2 发送心跳包到follower:0
util.go:27: leader:2 发送心跳包到follower:1
util.go:27: leader:2 发送心跳包到follower:3
util.go:27: leader:2 发送心跳包到follower:4
util.go:27: follower:3 收到 2 的心跳, 本节点任期: 1, leader任期: 1
util.go:27: follower:4 收到 2 的心跳, 本节点任期: 1, leader任期: 1
util.go:27: follower:1 收到 2 的心跳, 本节点任期: 1, leader任期: 1
util.go:27: follower:0 收到 2 的心跳, 本节点任期: 1, leader任期: 1
util.go:27: leader:2 发送心跳包到follower:0
util.go:27: leader:2 发送心跳包到follower:1
util.go:27: leader:2 发送心跳包到follower:3
util.go:27: leader:2 发送心跳包到follower:4
util.go:27: follower:0 收到 2 的心跳, 本节点任期: 1, leader任期: 1
util.go:27: follower:3 收到 2 的心跳, 本节点任期: 1, leader任期: 1
util.go:27: follower:1 收到 2 的心跳, 本节点任期: 1, leader任期: 1
util.go:27: follower:4 收到 2 的心跳, 本节点任期: 1, leader任期: 1
util.go:27: server:0 Reset:8
util.go:27: server:3 Reset:6
util.go:27: leader:2 发送心跳包到follower:0
util.go:27: leader:2 发送心跳包到follower:1
util.go:27: leader:2 发送心跳包到follower:3
util.go:27: leader:2 发送心跳包到follower:4
util.go:27: follower:0 收到 2 的心跳, 本节点任期: 1, leader任期: 1
util.go:27: follower:4 收到 2 的心跳, 本节点任期: 1, leader任期: 1
util.go:27: follower:3 收到 2 的心跳, 本节点任期: 1, leader任期: 1
util.go:27: follower:1 收到 2 的心跳, 本节点任期: 1, leader任期: 1
util.go:27: server:4 Reset:6
util.go:27: leader:2 发送心跳包到follower:0
util.go:27: leader:2 发送心跳包到follower:1
util.go:27: leader:2 发送心跳包到follower:3
util.go:27: leader:2 发送心跳包到follower:4
util.go:27: follower:4 收到 2 的心跳, 本节点任期: 1, leader任期: 1
util.go:27: follower:0 收到 2 的心跳, 本节点任期: 1, leader任期: 1
util.go:27: follower:3 收到 2 的心跳, 本节点任期: 1, leader任期: 1
util.go:27: follower:1 收到 2 的心跳, 本节点任期: 1, leader任期: 1
util.go:27: leader:2 发送心跳包到follower:0
util.go:27: leader:2 发送心跳包到follower:1
util.go:27: leader:2 发送心跳包到follower:3
util.go:27: leader:2 发送心跳包到follower:4
util.go:27: follower:0 收到 2 的心跳, 本节点任期: 1, leader任期: 1
util.go:27: follower:4 收到 2 的心跳, 本节点任期: 1, leader任期: 1
util.go:27: follower:1 收到 2 的心跳, 本节点任期: 1, leader任期: 1
util.go:27: follower:3 收到 2 的心跳, 本节点任期: 1, leader任期: 1
util.go:27: server:1 Reset:10
util.go:27: server:0 Reset:6
util.go:27: leader:2 发送心跳包到follower:0
util.go:27: leader:2 发送心跳包到follower:1
util.go:27: leader:2 发送心跳包到follower:3
util.go:27: leader:2 发送心跳包到follower:4
util.go:27: follower:1 收到 2 的心跳, 本节点任期: 1, leader任期: 1
util.go:27: follower:4 收到 2 的心跳, 本节点任期: 1, leader任期: 1
util.go:27: follower:0 收到 2 的心跳, 本节点任期: 1, leader任期: 1
util.go:27: follower:3 收到 2 的心跳, 本节点任期: 1, leader任期: 1
util.go:27: server:3 Reset:8
util.go:27: leader:2 发送心跳包到follower:0
util.go:27: leader:2 发送心跳包到follower:1
util.go:27: leader:2 发送心跳包到follower:3
util.go:27: leader:2 发送心跳包到follower:4
util.go:27: follower:0 收到 2 的心跳, 本节点任期: 1, leader任期: 1
util.go:27: follower:4 收到 2 的心跳, 本节点任期: 1, leader任期: 1
util.go:27: follower:3 收到 2 的心跳, 本节点任期: 1, leader任期: 1
util.go:27: follower:1 收到 2 的心跳, 本节点任期: 1, leader任期: 1
util.go:27: leader:2 发送心跳包到follower:0
util.go:27: leader:2 发送心跳包到follower:1
util.go:27: leader:2 发送心跳包到follower:3
util.go:27: leader:2 发送心跳包到follower:4
util.go:27: follower:0 收到 2 的心跳, 本节点任期: 1, leader任期: 1
util.go:27: follower:1 收到 2 的心跳, 本节点任期: 1, leader任期: 1
util.go:27: follower:4 收到 2 的心跳, 本节点任期: 1, leader任期: 1
util.go:27: follower:3 收到 2 的心跳, 本节点任期: 1, leader任期: 1
util.go:27: server:4 Reset:10
util.go:27: leader:2 发送心跳包到follower:0
util.go:27: leader:2 发送心跳包到follower:1
util.go:27: leader:2 发送心跳包到follower:3
util.go:27: leader:2 发送心跳包到follower:4
util.go:27: follower:3 收到 2 的心跳, 本节点任期: 1, leader任期: 1
util.go:27: follower:1 收到 2 的心跳, 本节点任期: 1, leader任期: 1
util.go:27: follower:4 收到 2 的心跳, 本节点任期: 1, leader任期: 1
util.go:27: follower:0 收到 2 的心跳, 本节点任期: 1, leader任期: 1
util.go:27: server:1 Reset:8
util.go:27: server:0 Reset:8
util.go:27: leader:2 发送心跳包到follower:0
util.go:27: leader:2 发送心跳包到follower:1
util.go:27: leader:2 发送心跳包到follower:3
util.go:27: leader:2 发送心跳包到follower:4
util.go:27: follower:4 收到 2 的心跳, 本节点任期: 1, leader任期: 1
util.go:27: follower:1 收到 2 的心跳, 本节点任期: 1, leader任期: 1
util.go:27: follower:0 收到 2 的心跳, 本节点任期: 1, leader任期: 1
util.go:27: follower:3 收到 2 的心跳, 本节点任期: 1, leader任期: 1
util.go:27: server:3 Reset:8
util.go:27: leader:2 发送心跳包到follower:0
util.go:27: leader:2 发送心跳包到follower:1
util.go:27: leader:2 发送心跳包到follower:3
util.go:27: leader:2 发送心跳包到follower:4
util.go:27: follower:1 收到 2 的心跳, 本节点任期: 1, leader任期: 1
util.go:27: follower:0 收到 2 的心跳, 本节点任期: 1, leader任期: 1
util.go:27: follower:4 收到 2 的心跳, 本节点任期: 1, leader任期: 1
util.go:27: follower:3 收到 2 的心跳, 本节点任期: 1, leader任期: 1
util.go:27: server:4 Reset:6
util.go:27: leader:2 收到新日志:6 追加请求
util.go:27: leader:2 日志:[{0 0 <nil>} {1 1 {1 213656039461905079 0  Put}} {2 1 {2 213656039461905079 0  Get}} {3 1 {3 213656039461905079 0 x 0 0 y Append}} {4 1 {4 213656039461905079 0 x 0 1 y Append}} {5 1 {5 213656039461905079 0  Get}} {6 1 {1 3065943682470980911 0  Get}}]
util.go:27: leader将返回该日志期望的提交位置:6，当前任期:1，和自己是leader:true
util.go:27: 持久化状态成功
util.go:27: Leader:2 发现server:0, 日志落后，现在可能需要日志:6, 本身日志数量7
util.go:27: Leader:2 发现server:1, 日志落后，现在可能需要日志:6, 本身日志数量7
util.go:27: Leader:2 发现server:3, 日志落后，现在可能需要日志:6, 本身日志数量7
util.go:27: Leader:2 发现server:4, 日志落后，现在可能需要日志:6, 本身日志数量7
util.go:27: follower:1 收到日志，序号: {6 1 {1 3065943682470980911 %!d(string=0) %!d(string=) %!d(string=Get)}}，日志: [{0 0 <nil>} {1 1 {1 213656039461905079 0  Put}} {2 1 {2 213656039461905079 0  Get}} {3 1 {3 213656039461905079 0 x 0 0 y Append}} {4 1 {4 213656039461905079 0 x 0 1 y Append}} {5 1 {5 213656039461905079 0  Get}} {6 1 {1 3065943682470980911 0  Get}}]
util.go:27: follower:3 收到日志，序号: {6 1 {1 3065943682470980911 %!d(string=0) %!d(string=) %!d(string=Get)}}，日志: [{0 0 <nil>} {1 1 {1 213656039461905079 0  Put}} {2 1 {2 213656039461905079 0  Get}} {3 1 {3 213656039461905079 0 x 0 0 y Append}} {4 1 {4 213656039461905079 0 x 0 1 y Append}} {5 1 {5 213656039461905079 0  Get}} {6 1 {1 3065943682470980911 0  Get}}]
util.go:27: follower:4 收到日志，序号: {6 1 {1 3065943682470980911 %!d(string=0) %!d(string=) %!d(string=Get)}}，日志: [{0 0 <nil>} {1 1 {1 213656039461905079 0  Put}} {2 1 {2 213656039461905079 0  Get}} {3 1 {3 213656039461905079 0 x 0 0 y Append}} {4 1 {4 213656039461905079 0 x 0 1 y Append}} {5 1 {5 213656039461905079 0  Get}} {6 1 {1 3065943682470980911 0  Get}}]
util.go:27: 持久化状态成功
util.go:27: follower:0 收到日志，序号: {6 1 {1 3065943682470980911 %!d(string=0) %!d(string=) %!d(string=Get)}}，日志: [{0 0 <nil>} {1 1 {1 213656039461905079 0  Put}} {2 1 {2 213656039461905079 0  Get}} {3 1 {3 213656039461905079 0 x 0 0 y Append}} {4 1 {4 213656039461905079 0 x 0 1 y Append}} {5 1 {5 213656039461905079 0  Get}} {6 1 {1 3065943682470980911 0  Get}}]
util.go:27: 持久化状态成功
util.go:27: 持久化状态成功
util.go:27: leader:2 更新被提交的最高日志条目的索引为:6
util.go:27: 持久化状态成功
util.go:27: leader:2 日志:[{0 0 <nil>} {1 1 {1 213656039461905079 0  Put}} {2 1 {2 213656039461905079 0  Get}} {3 1 {3 213656039461905079 0 x 0 0 y Append}} {4 1 {4 213656039461905079 0 x 0 1 y Append}} {5 1 {5 213656039461905079 0  Get}} {6 1 {1 3065943682470980911 0  Get}}]
util.go:27: server:2 applyMsg: Command:{1 3065943682470980911 0  Get},CommandIndex:6
